{"C:\\Users\\aygen\\OneDrive\\Masaüstü\\financefocus\\db.json": {"path":"C:\\Users\\aygen\\OneDrive\\Masaüstü\\financefocus\\db.json","statementMap":{"0":{"start":{"line":1,"column":28},"end":{"line":1,"column":1748}},"1":{"start":{"line":2,"column":22},"end":{"line":2,"column":451}},"2":{"start":{"line":3,"column":25},"end":{"line":3,"column":648}},"3":{"start":{"line":4,"column":21},"end":{"line":4,"column":591}},"4":{"start":{"line":5,"column":29},"end":{"line":5,"column":523}},"5":{"start":{"line":6,"column":29},"end":{"line":6,"column":392}},"6":{"start":{"line":7,"column":26},"end":{"line":7,"column":505}},"7":{"start":{"line":8,"column":24},"end":{"line":8,"column":124}}},"fnMap":{},"branchMap":{},"s":{"0":2,"1":2,"2":2,"3":2,"4":2,"5":2,"6":2,"7":2},"f":{},"b":{},"meta":{"lastBranch":0,"lastFunction":0,"lastStatement":8,"seen":{"s:1:28:1:1748":0,"s:2:22:2:451":1,"s:3:25:3:648":2,"s:4:21:4:591":3,"s:5:29:5:523":4,"s:6:29:6:392":5,"s:7:26:7:505":6,"s:8:24:8:124":7},"fnNames":{}}}
,"C:\\Users\\aygen\\OneDrive\\Masaüstü\\financefocus\\src\\components\\data-display\\DataTable\\DataTable.tsx": {"path":"C:\\Users\\aygen\\OneDrive\\Masaüstü\\financefocus\\src\\components\\data-display\\DataTable\\DataTable.tsx","statementMap":{"0":{"start":{"line":38,"column":20},"end":{"line":38,"column":null}},"1":{"start":{"line":40,"column":2},"end":{"line":134,"column":null}},"2":{"start":{"line":52,"column":33},"end":{"line":52,"column":null}},"3":{"start":{"line":53,"column":16},"end":{"line":81,"column":null}},"4":{"start":{"line":57,"column":35},"end":{"line":57,"column":null}},"5":{"start":{"line":110,"column":16},"end":{"line":129,"column":null}},"6":{"start":{"line":115,"column":20},"end":{"line":127,"column":null}},"7":{"start":{"line":138,"column":25},"end":{"line":138,"column":null}}},"fnMap":{"0":{"name":"DataTableInner","decl":{"start":{"line":27,"column":9},"end":{"line":27,"column":59}},"loc":{"start":{"line":37,"column":22},"end":{"line":136,"column":null}},"line":37},"1":{"name":"(anonymous_1)","decl":{"start":{"line":51,"column":23},"end":{"line":51,"column":28}},"loc":{"start":{"line":51,"column":36},"end":{"line":83,"column":15}},"line":51},"2":{"name":"(anonymous_2)","decl":{"start":{"line":57,"column":20},"end":{"line":57,"column":35}},"loc":{"start":{"line":57,"column":35},"end":{"line":57,"column":null}},"line":57},"3":{"name":"(anonymous_3)","decl":{"start":{"line":109,"column":19},"end":{"line":109,"column":24}},"loc":{"start":{"line":110,"column":16},"end":{"line":129,"column":null}},"line":110},"4":{"name":"(anonymous_4)","decl":{"start":{"line":114,"column":27},"end":{"line":114,"column":32}},"loc":{"start":{"line":115,"column":20},"end":{"line":127,"column":null}},"line":115}},"branchMap":{"0":{"loc":{"start":{"line":30,"column":2},"end":{"line":30,"column":null}},"type":"default-arg","locations":[{"start":{"line":30,"column":12},"end":{"line":30,"column":null}}],"line":30},"1":{"loc":{"start":{"line":31,"column":2},"end":{"line":31,"column":null}},"type":"default-arg","locations":[{"start":{"line":31,"column":15},"end":{"line":31,"column":null}}],"line":31},"2":{"loc":{"start":{"line":32,"column":2},"end":{"line":32,"column":null}},"type":"default-arg","locations":[{"start":{"line":32,"column":21},"end":{"line":32,"column":null}}],"line":32},"3":{"loc":{"start":{"line":36,"column":2},"end":{"line":36,"column":null}},"type":"default-arg","locations":[{"start":{"line":36,"column":14},"end":{"line":36,"column":null}}],"line":36},"4":{"loc":{"start":{"line":38,"column":20},"end":{"line":38,"column":null}},"type":"binary-expr","locations":[{"start":{"line":38,"column":20},"end":{"line":38,"column":32}},{"start":{"line":38,"column":32},"end":{"line":38,"column":null}}],"line":38},"5":{"loc":{"start":{"line":57,"column":35},"end":{"line":57,"column":null}},"type":"binary-expr","locations":[{"start":{"line":57,"column":35},"end":{"line":57,"column":51}},{"start":{"line":57,"column":51},"end":{"line":57,"column":null}}],"line":57},"6":{"loc":{"start":{"line":60,"column":22},"end":{"line":61,"column":null}},"type":"binary-expr","locations":[{"start":{"line":60,"column":22},"end":{"line":60,"column":null}},{"start":{"line":61,"column":24},"end":{"line":61,"column":null}}],"line":60},"7":{"loc":{"start":{"line":67,"column":23},"end":{"line":80,"column":null}},"type":"binary-expr","locations":[{"start":{"line":67,"column":23},"end":{"line":67,"column":null}},{"start":{"line":68,"column":24},"end":{"line":80,"column":null}}],"line":67},"8":{"loc":{"start":{"line":69,"column":27},"end":{"line":76,"column":null}},"type":"cond-expr","locations":[{"start":{"line":70,"column":28},"end":{"line":76,"column":29}},{"start":{"line":76,"column":28},"end":{"line":76,"column":null}}],"line":69},"9":{"loc":{"start":{"line":70,"column":28},"end":{"line":76,"column":29}},"type":"cond-expr","locations":[{"start":{"line":71,"column":30},"end":{"line":73,"column":31}},{"start":{"line":73,"column":30},"end":{"line":76,"column":29}}],"line":70},"10":{"loc":{"start":{"line":87,"column":13},"end":{"line":97,"column":null}},"type":"binary-expr","locations":[{"start":{"line":87,"column":13},"end":{"line":87,"column":null}},{"start":{"line":88,"column":14},"end":{"line":97,"column":null}}],"line":87},"11":{"loc":{"start":{"line":100,"column":13},"end":{"line":105,"column":null}},"type":"binary-expr","locations":[{"start":{"line":100,"column":13},"end":{"line":100,"column":null}},{"start":{"line":101,"column":14},"end":{"line":105,"column":null}}],"line":100},"12":{"loc":{"start":{"line":108,"column":13},"end":{"line":130,"column":null}},"type":"binary-expr","locations":[{"start":{"line":108,"column":13},"end":{"line":108,"column":null}},{"start":{"line":109,"column":14},"end":{"line":130,"column":null}}],"line":108},"13":{"loc":{"start":{"line":124,"column":23},"end":{"line":126,"column":null}},"type":"cond-expr","locations":[{"start":{"line":125,"column":26},"end":{"line":125,"column":null}},{"start":{"line":126,"column":28},"end":{"line":126,"column":null}}],"line":124}},"s":{"0":1,"1":1,"2":2,"3":2,"4":0,"5":2,"6":4,"7":1},"f":{"0":1,"1":2,"2":0,"3":2,"4":4},"b":{"0":[1],"1":[1],"2":[1],"3":[1],"4":[1,1],"5":[0,0],"6":[2,0],"7":[2,0],"8":[0,0],"9":[0,0],"10":[1,0],"11":[1,0],"12":[1,1],"13":[0,4]},"meta":{"lastBranch":14,"lastFunction":5,"lastStatement":8,"seen":{"f:27:9:27:59":0,"b:30:12:30:Infinity":0,"b:31:15:31:Infinity":1,"b:32:21:32:Infinity":2,"b:36:14:36:Infinity":3,"s:38:20:38:Infinity":0,"b:38:20:38:32:38:32:38:Infinity":4,"s:40:2:134:Infinity":1,"f:51:23:51:28":1,"s:52:33:52:Infinity":2,"s:53:16:81:Infinity":3,"f:57:20:57:35":2,"s:57:35:57:Infinity":4,"b:57:35:57:51:57:51:57:Infinity":5,"b:60:22:60:Infinity:61:24:61:Infinity":6,"b:67:23:67:Infinity:68:24:80:Infinity":7,"b:70:28:76:29:76:28:76:Infinity":8,"b:71:30:73:31:73:30:76:29":9,"b:87:13:87:Infinity:88:14:97:Infinity":10,"b:100:13:100:Infinity:101:14:105:Infinity":11,"b:108:13:108:Infinity:109:14:130:Infinity":12,"f:109:19:109:24":3,"s:110:16:129:Infinity":5,"f:114:27:114:32":4,"s:115:20:127:Infinity":6,"b:125:26:125:Infinity:126:28:126:Infinity":13,"s:138:25:138:Infinity":7},"fnNames":{}}}
,"C:\\Users\\aygen\\OneDrive\\Masaüstü\\financefocus\\src\\components\\data-display\\DataTable\\index.ts": {"path":"C:\\Users\\aygen\\OneDrive\\Masaüstü\\financefocus\\src\\components\\data-display\\DataTable\\index.ts","statementMap":{},"fnMap":{},"branchMap":{},"s":{},"f":{},"b":{},"meta":{"lastBranch":0,"lastFunction":0,"lastStatement":0,"seen":{},"fnNames":{}}}
,"C:\\Users\\aygen\\OneDrive\\Masaüstü\\financefocus\\src\\components\\data-display\\StatCard\\StatCard.tsx": {"path":"C:\\Users\\aygen\\OneDrive\\Masaüstü\\financefocus\\src\\components\\data-display\\StatCard\\StatCard.tsx","statementMap":{"0":{"start":{"line":16,"column":13},"end":{"line":82,"column":null}},"1":{"start":{"line":24,"column":21},"end":{"line":24,"column":null}},"2":{"start":{"line":25,"column":21},"end":{"line":25,"column":null}},"3":{"start":{"line":26,"column":17},"end":{"line":26,"column":null}},"4":{"start":{"line":28,"column":2},"end":{"line":80,"column":null}}},"fnMap":{"0":{"name":"(anonymous_0)","decl":{"start":{"line":16,"column":13},"end":{"line":16,"column":50}},"loc":{"start":{"line":23,"column":6},"end":{"line":82,"column":null}},"line":23}},"branchMap":{"0":{"loc":{"start":{"line":22,"column":2},"end":{"line":22,"column":null}},"type":"default-arg","locations":[{"start":{"line":22,"column":12},"end":{"line":22,"column":null}}],"line":22},"1":{"loc":{"start":{"line":24,"column":21},"end":{"line":24,"column":null}},"type":"binary-expr","locations":[{"start":{"line":24,"column":21},"end":{"line":24,"column":45}},{"start":{"line":24,"column":45},"end":{"line":24,"column":null}}],"line":24},"2":{"loc":{"start":{"line":25,"column":21},"end":{"line":25,"column":null}},"type":"binary-expr","locations":[{"start":{"line":25,"column":21},"end":{"line":25,"column":45}},{"start":{"line":25,"column":45},"end":{"line":25,"column":null}}],"line":25},"3":{"loc":{"start":{"line":26,"column":17},"end":{"line":26,"column":null}},"type":"binary-expr","locations":[{"start":{"line":26,"column":17},"end":{"line":26,"column":41}},{"start":{"line":26,"column":41},"end":{"line":26,"column":null}}],"line":26},"4":{"loc":{"start":{"line":35,"column":11},"end":{"line":40,"column":null}},"type":"binary-expr","locations":[{"start":{"line":35,"column":11},"end":{"line":35,"column":null}},{"start":{"line":36,"column":12},"end":{"line":40,"column":null}}],"line":35},"5":{"loc":{"start":{"line":42,"column":9},"end":{"line":79,"column":null}},"type":"cond-expr","locations":[{"start":{"line":43,"column":10},"end":{"line":48,"column":11}},{"start":{"line":48,"column":10},"end":{"line":79,"column":null}}],"line":42},"6":{"loc":{"start":{"line":53,"column":13},"end":{"line":77,"column":null}},"type":"binary-expr","locations":[{"start":{"line":53,"column":13},"end":{"line":53,"column":null}},{"start":{"line":54,"column":14},"end":{"line":77,"column":null}}],"line":53},"7":{"loc":{"start":{"line":58,"column":20},"end":{"line":59,"column":null}},"type":"binary-expr","locations":[{"start":{"line":58,"column":20},"end":{"line":58,"column":null}},{"start":{"line":59,"column":22},"end":{"line":59,"column":null}}],"line":58},"8":{"loc":{"start":{"line":60,"column":20},"end":{"line":60,"column":null}},"type":"binary-expr","locations":[{"start":{"line":60,"column":20},"end":{"line":60,"column":34}},{"start":{"line":60,"column":34},"end":{"line":60,"column":null}}],"line":60},"9":{"loc":{"start":{"line":61,"column":20},"end":{"line":61,"column":null}},"type":"binary-expr","locations":[{"start":{"line":61,"column":20},"end":{"line":61,"column":30}},{"start":{"line":61,"column":30},"end":{"line":61,"column":null}}],"line":61},"10":{"loc":{"start":{"line":64,"column":19},"end":{"line":64,"column":null}},"type":"binary-expr","locations":[{"start":{"line":64,"column":19},"end":{"line":64,"column":33}},{"start":{"line":64,"column":33},"end":{"line":64,"column":null}}],"line":64},"11":{"loc":{"start":{"line":65,"column":19},"end":{"line":65,"column":null}},"type":"binary-expr","locations":[{"start":{"line":65,"column":19},"end":{"line":65,"column":33}},{"start":{"line":65,"column":33},"end":{"line":65,"column":null}}],"line":65},"12":{"loc":{"start":{"line":66,"column":19},"end":{"line":66,"column":null}},"type":"binary-expr","locations":[{"start":{"line":66,"column":19},"end":{"line":66,"column":29}},{"start":{"line":66,"column":29},"end":{"line":66,"column":null}}],"line":66},"13":{"loc":{"start":{"line":67,"column":19},"end":{"line":67,"column":null}},"type":"cond-expr","locations":[{"start":{"line":67,"column":32},"end":{"line":67,"column":38}},{"start":{"line":67,"column":38},"end":{"line":67,"column":null}}],"line":67},"14":{"loc":{"start":{"line":70,"column":17},"end":{"line":75,"column":null}},"type":"binary-expr","locations":[{"start":{"line":70,"column":17},"end":{"line":70,"column":null}},{"start":{"line":71,"column":18},"end":{"line":75,"column":null}}],"line":70}},"s":{"0":1,"1":8,"2":8,"3":8,"4":8},"f":{"0":8},"b":{"0":[8],"1":[8,2],"2":[8,2],"3":[8,2],"4":[8,8],"5":[4,4],"6":[4,1],"7":[1,1],"8":[1,0],"9":[1,0],"10":[1,1],"11":[1,0],"12":[1,0],"13":[1,0],"14":[1,1]},"meta":{"lastBranch":15,"lastFunction":1,"lastStatement":5,"seen":{"s:16:13:82:Infinity":0,"f:16:13:16:50":0,"b:22:12:22:Infinity":0,"s:24:21:24:Infinity":1,"b:24:21:24:45:24:45:24:Infinity":1,"s:25:21:25:Infinity":2,"b:25:21:25:45:25:45:25:Infinity":2,"s:26:17:26:Infinity":3,"b:26:17:26:41:26:41:26:Infinity":3,"s:28:2:80:Infinity":4,"b:35:11:35:Infinity:36:12:40:Infinity":4,"b:43:10:48:11:48:10:79:Infinity":5,"b:53:13:53:Infinity:54:14:77:Infinity":6,"b:58:20:58:Infinity:59:22:59:Infinity":7,"b:60:20:60:34:60:34:60:Infinity":8,"b:61:20:61:30:61:30:61:Infinity":9,"b:64:19:64:33:64:33:64:Infinity":10,"b:65:19:65:33:65:33:65:Infinity":11,"b:66:19:66:29:66:29:66:Infinity":12,"b:67:32:67:38:67:38:67:Infinity":13,"b:70:17:70:Infinity:71:18:75:Infinity":14},"fnNames":{}}}
,"C:\\Users\\aygen\\OneDrive\\Masaüstü\\financefocus\\src\\components\\data-display\\StatCard\\index.ts": {"path":"C:\\Users\\aygen\\OneDrive\\Masaüstü\\financefocus\\src\\components\\data-display\\StatCard\\index.ts","statementMap":{},"fnMap":{},"branchMap":{},"s":{},"f":{},"b":{},"meta":{"lastBranch":0,"lastFunction":0,"lastStatement":0,"seen":{},"fnNames":{}}}
,"C:\\Users\\aygen\\OneDrive\\Masaüstü\\financefocus\\src\\components\\feedback\\EmptyState\\EmptyState.tsx": {"path":"C:\\Users\\aygen\\OneDrive\\Masaüstü\\financefocus\\src\\components\\feedback\\EmptyState\\EmptyState.tsx","statementMap":{"0":{"start":{"line":19,"column":13},"end":{"line":74,"column":null}},"1":{"start":{"line":33,"column":2},"end":{"line":72,"column":null}}},"fnMap":{"0":{"name":"(anonymous_0)","decl":{"start":{"line":19,"column":13},"end":{"line":19,"column":54}},"loc":{"start":{"line":32,"column":6},"end":{"line":74,"column":null}},"line":32}},"branchMap":{"0":{"loc":{"start":{"line":20,"column":2},"end":{"line":20,"column":null}},"type":"default-arg","locations":[{"start":{"line":20,"column":14},"end":{"line":20,"column":null}}],"line":20},"1":{"loc":{"start":{"line":21,"column":2},"end":{"line":21,"column":null}},"type":"default-arg","locations":[{"start":{"line":21,"column":10},"end":{"line":21,"column":null}}],"line":21},"2":{"loc":{"start":{"line":22,"column":2},"end":{"line":22,"column":null}},"type":"default-arg","locations":[{"start":{"line":22,"column":16},"end":{"line":22,"column":null}}],"line":22},"3":{"loc":{"start":{"line":43,"column":9},"end":{"line":43,"column":null}},"type":"binary-expr","locations":[{"start":{"line":43,"column":9},"end":{"line":43,"column":17}},{"start":{"line":43,"column":17},"end":{"line":43,"column":null}}],"line":43},"4":{"loc":{"start":{"line":55,"column":8},"end":{"line":70,"column":null}},"type":"binary-expr","locations":[{"start":{"line":55,"column":8},"end":{"line":55,"column":18}},{"start":{"line":55,"column":18},"end":{"line":55,"column":40}},{"start":{"line":55,"column":40},"end":{"line":55,"column":null}},{"start":{"line":56,"column":8},"end":{"line":70,"column":null}}],"line":55},"5":{"loc":{"start":{"line":57,"column":11},"end":{"line":60,"column":null}},"type":"binary-expr","locations":[{"start":{"line":57,"column":11},"end":{"line":57,"column":35}},{"start":{"line":57,"column":35},"end":{"line":57,"column":null}},{"start":{"line":58,"column":12},"end":{"line":60,"column":null}}],"line":57},"6":{"loc":{"start":{"line":63,"column":11},"end":{"line":66,"column":null}},"type":"binary-expr","locations":[{"start":{"line":63,"column":11},"end":{"line":63,"column":33}},{"start":{"line":63,"column":33},"end":{"line":63,"column":null}},{"start":{"line":64,"column":12},"end":{"line":66,"column":null}}],"line":63},"7":{"loc":{"start":{"line":69,"column":11},"end":{"line":69,"column":null}},"type":"binary-expr","locations":[{"start":{"line":69,"column":11},"end":{"line":69,"column":21}},{"start":{"line":69,"column":21},"end":{"line":69,"column":null}}],"line":69}},"s":{"0":1,"1":0},"f":{"0":0},"b":{"0":[0],"1":[0],"2":[0],"3":[0,0],"4":[0,0,0,0],"5":[0,0,0],"6":[0,0,0],"7":[0,0]},"meta":{"lastBranch":8,"lastFunction":1,"lastStatement":2,"seen":{"s:19:13:74:Infinity":0,"f:19:13:19:54":0,"b:20:14:20:Infinity":0,"b:21:10:21:Infinity":1,"b:22:16:22:Infinity":2,"s:33:2:72:Infinity":1,"b:43:9:43:17:43:17:43:Infinity":3,"b:55:8:55:18:55:18:55:40:55:40:55:Infinity:56:8:70:Infinity":4,"b:57:11:57:35:57:35:57:Infinity:58:12:60:Infinity":5,"b:63:11:63:33:63:33:63:Infinity:64:12:66:Infinity":6,"b:69:11:69:21:69:21:69:Infinity":7},"fnNames":{}}}
,"C:\\Users\\aygen\\OneDrive\\Masaüstü\\financefocus\\src\\components\\feedback\\EmptyState\\index.ts": {"path":"C:\\Users\\aygen\\OneDrive\\Masaüstü\\financefocus\\src\\components\\feedback\\EmptyState\\index.ts","statementMap":{},"fnMap":{},"branchMap":{},"s":{},"f":{},"b":{},"meta":{"lastBranch":0,"lastFunction":0,"lastStatement":0,"seen":{},"fnNames":{}}}
,"C:\\Users\\aygen\\OneDrive\\Masaüstü\\financefocus\\src\\components\\ui\\StatCard.tsx": {"path":"C:\\Users\\aygen\\OneDrive\\Masaüstü\\financefocus\\src\\components\\ui\\StatCard.tsx","statementMap":{},"fnMap":{},"branchMap":{},"s":{},"f":{},"b":{},"meta":{"lastBranch":0,"lastFunction":0,"lastStatement":0,"seen":{},"fnNames":{}}}
,"C:\\Users\\aygen\\OneDrive\\Masaüstü\\financefocus\\src\\components\\ui\\Button\\Button.tsx": {"path":"C:\\Users\\aygen\\OneDrive\\Masaüstü\\financefocus\\src\\components\\ui\\Button\\Button.tsx","statementMap":{"0":{"start":{"line":12,"column":13},"end":{"line":91,"column":null}},"1":{"start":{"line":30,"column":6},"end":{"line":30,"column":null}},"2":{"start":{"line":32,"column":21},"end":{"line":43,"column":null}},"3":{"start":{"line":45,"column":18},"end":{"line":49,"column":null}},"4":{"start":{"line":51,"column":4},"end":{"line":88,"column":null}},"5":{"start":{"line":93,"column":0},"end":{"line":93,"column":null}}},"fnMap":{"0":{"name":"(anonymous_0)","decl":{"start":{"line":12,"column":22},"end":{"line":12,"column":null}},"loc":{"start":{"line":27,"column":7},"end":{"line":90,"column":null}},"line":27}},"branchMap":{"0":{"loc":{"start":{"line":15,"column":6},"end":{"line":15,"column":null}},"type":"default-arg","locations":[{"start":{"line":15,"column":18},"end":{"line":15,"column":null}}],"line":15},"1":{"loc":{"start":{"line":16,"column":6},"end":{"line":16,"column":null}},"type":"default-arg","locations":[{"start":{"line":16,"column":16},"end":{"line":16,"column":null}}],"line":16},"2":{"loc":{"start":{"line":17,"column":6},"end":{"line":17,"column":null}},"type":"default-arg","locations":[{"start":{"line":17,"column":13},"end":{"line":17,"column":null}}],"line":17},"3":{"loc":{"start":{"line":18,"column":6},"end":{"line":18,"column":null}},"type":"default-arg","locations":[{"start":{"line":18,"column":16},"end":{"line":18,"column":null}}],"line":18},"4":{"loc":{"start":{"line":20,"column":6},"end":{"line":20,"column":null}},"type":"default-arg","locations":[{"start":{"line":20,"column":21},"end":{"line":20,"column":null}}],"line":20},"5":{"loc":{"start":{"line":23,"column":6},"end":{"line":23,"column":null}},"type":"default-arg","locations":[{"start":{"line":23,"column":13},"end":{"line":23,"column":null}}],"line":23},"6":{"loc":{"start":{"line":55,"column":18},"end":{"line":55,"column":null}},"type":"binary-expr","locations":[{"start":{"line":55,"column":18},"end":{"line":55,"column":30}},{"start":{"line":55,"column":30},"end":{"line":55,"column":null}}],"line":55},"7":{"loc":{"start":{"line":60,"column":9},"end":{"line":80,"column":null}},"type":"binary-expr","locations":[{"start":{"line":60,"column":9},"end":{"line":60,"column":null}},{"start":{"line":61,"column":10},"end":{"line":80,"column":null}}],"line":60},"8":{"loc":{"start":{"line":83,"column":9},"end":{"line":83,"column":null}},"type":"binary-expr","locations":[{"start":{"line":83,"column":9},"end":{"line":83,"column":21}},{"start":{"line":83,"column":21},"end":{"line":83,"column":29}},{"start":{"line":83,"column":29},"end":{"line":83,"column":56}},{"start":{"line":83,"column":56},"end":{"line":83,"column":null}}],"line":83},"9":{"loc":{"start":{"line":87,"column":9},"end":{"line":87,"column":null}},"type":"binary-expr","locations":[{"start":{"line":87,"column":9},"end":{"line":87,"column":21}},{"start":{"line":87,"column":21},"end":{"line":87,"column":29}},{"start":{"line":87,"column":29},"end":{"line":87,"column":57}},{"start":{"line":87,"column":57},"end":{"line":87,"column":null}}],"line":87}},"s":{"0":1,"1":3,"2":3,"3":3,"4":3,"5":1},"f":{"0":3},"b":{"0":[3],"1":[3],"2":[3],"3":[3],"4":[3],"5":[3],"6":[3,2],"7":[3,0],"8":[3,3,0,0],"9":[3,3,0,0]},"meta":{"lastBranch":10,"lastFunction":1,"lastStatement":6,"seen":{"s:12:13:91:Infinity":0,"f:12:22:12:Infinity":0,"b:15:18:15:Infinity":0,"b:16:16:16:Infinity":1,"b:17:13:17:Infinity":2,"b:18:16:18:Infinity":3,"b:20:21:20:Infinity":4,"b:23:13:23:Infinity":5,"s:30:6:30:Infinity":1,"s:32:21:43:Infinity":2,"s:45:18:49:Infinity":3,"s:51:4:88:Infinity":4,"b:55:18:55:30:55:30:55:Infinity":6,"b:60:9:60:Infinity:61:10:80:Infinity":7,"b:83:9:83:21:83:21:83:29:83:29:83:56:83:56:83:Infinity":8,"b:87:9:87:21:87:21:87:29:87:29:87:57:87:57:87:Infinity":9,"s:93:0:93:Infinity":5},"fnNames":{}}}
,"C:\\Users\\aygen\\OneDrive\\Masaüstü\\financefocus\\src\\components\\ui\\Button\\index.ts": {"path":"C:\\Users\\aygen\\OneDrive\\Masaüstü\\financefocus\\src\\components\\ui\\Button\\index.ts","statementMap":{},"fnMap":{},"branchMap":{},"s":{},"f":{},"b":{},"meta":{"lastBranch":0,"lastFunction":0,"lastStatement":0,"seen":{},"fnNames":{}}}
,"C:\\Users\\aygen\\OneDrive\\Masaüstü\\financefocus\\src\\components\\ui\\Card\\Card.tsx": {"path":"C:\\Users\\aygen\\OneDrive\\Masaüstü\\financefocus\\src\\components\\ui\\Card\\Card.tsx","statementMap":{"0":{"start":{"line":8,"column":13},"end":{"line":25,"column":null}},"1":{"start":{"line":10,"column":4},"end":{"line":22,"column":null}},"2":{"start":{"line":27,"column":0},"end":{"line":27,"column":null}}},"fnMap":{"0":{"name":"(anonymous_0)","decl":{"start":{"line":8,"column":20},"end":{"line":8,"column":null}},"loc":{"start":{"line":9,"column":70},"end":{"line":24,"column":null}},"line":9}},"branchMap":{"0":{"loc":{"start":{"line":9,"column":5},"end":{"line":9,"column":21}},"type":"default-arg","locations":[{"start":{"line":9,"column":17},"end":{"line":9,"column":21}}],"line":9},"1":{"loc":{"start":{"line":9,"column":21},"end":{"line":9,"column":40}},"type":"default-arg","locations":[{"start":{"line":9,"column":33},"end":{"line":9,"column":40}}],"line":9},"2":{"loc":{"start":{"line":15,"column":10},"end":{"line":16,"column":null}},"type":"binary-expr","locations":[{"start":{"line":15,"column":10},"end":{"line":15,"column":null}},{"start":{"line":16,"column":12},"end":{"line":16,"column":null}}],"line":15}},"s":{"0":2,"1":9,"2":2},"f":{"0":9},"b":{"0":[9],"1":[9],"2":[9,0]},"meta":{"lastBranch":3,"lastFunction":1,"lastStatement":3,"seen":{"s:8:13:25:Infinity":0,"f:8:20:8:Infinity":0,"b:9:17:9:21":0,"b:9:33:9:40":1,"s:10:4:22:Infinity":1,"b:15:10:15:Infinity:16:12:16:Infinity":2,"s:27:0:27:Infinity":2},"fnNames":{}}}
,"C:\\Users\\aygen\\OneDrive\\Masaüstü\\financefocus\\src\\components\\ui\\Card\\index.ts": {"path":"C:\\Users\\aygen\\OneDrive\\Masaüstü\\financefocus\\src\\components\\ui\\Card\\index.ts","statementMap":{},"fnMap":{},"branchMap":{},"s":{},"f":{},"b":{},"meta":{"lastBranch":0,"lastFunction":0,"lastStatement":0,"seen":{},"fnNames":{}}}
,"C:\\Users\\aygen\\OneDrive\\Masaüstü\\financefocus\\src\\components\\ui\\Input\\Input.tsx": {"path":"C:\\Users\\aygen\\OneDrive\\Masaüstü\\financefocus\\src\\components\\ui\\Input\\Input.tsx","statementMap":{"0":{"start":{"line":11,"column":13},"end":{"line":73,"column":null}},"1":{"start":{"line":13,"column":10},"end":{"line":13,"column":null}},"2":{"start":{"line":14,"column":20},"end":{"line":14,"column":null}},"3":{"start":{"line":16,"column":4},"end":{"line":70,"column":null}},"4":{"start":{"line":75,"column":0},"end":{"line":75,"column":null}}},"fnMap":{"0":{"name":"(anonymous_0)","decl":{"start":{"line":11,"column":21},"end":{"line":11,"column":null}},"loc":{"start":{"line":12,"column":87},"end":{"line":72,"column":null}},"line":12}},"branchMap":{"0":{"loc":{"start":{"line":12,"column":5},"end":{"line":12,"column":21}},"type":"default-arg","locations":[{"start":{"line":12,"column":17},"end":{"line":12,"column":21}}],"line":12},"1":{"loc":{"start":{"line":14,"column":20},"end":{"line":14,"column":null}},"type":"binary-expr","locations":[{"start":{"line":14,"column":20},"end":{"line":14,"column":26}},{"start":{"line":14,"column":26},"end":{"line":14,"column":null}}],"line":14},"2":{"loc":{"start":{"line":18,"column":9},"end":{"line":24,"column":null}},"type":"binary-expr","locations":[{"start":{"line":18,"column":9},"end":{"line":18,"column":null}},{"start":{"line":19,"column":10},"end":{"line":24,"column":null}}],"line":18},"3":{"loc":{"start":{"line":28,"column":11},"end":{"line":34,"column":11}},"type":"binary-expr","locations":[{"start":{"line":28,"column":11},"end":{"line":28,"column":null}},{"start":{"line":29,"column":12},"end":{"line":34,"column":11}}],"line":28},"4":{"loc":{"start":{"line":40,"column":14},"end":{"line":40,"column":null}},"type":"cond-expr","locations":[{"start":{"line":40,"column":22},"end":{"line":40,"column":43}},{"start":{"line":40,"column":43},"end":{"line":40,"column":null}}],"line":40},"5":{"loc":{"start":{"line":40,"column":43},"end":{"line":40,"column":null}},"type":"cond-expr","locations":[{"start":{"line":40,"column":56},"end":{"line":40,"column":78}},{"start":{"line":40,"column":78},"end":{"line":40,"column":null}}],"line":40},"6":{"loc":{"start":{"line":44,"column":14},"end":{"line":44,"column":null}},"type":"binary-expr","locations":[{"start":{"line":44,"column":14},"end":{"line":44,"column":22}},{"start":{"line":44,"column":22},"end":{"line":44,"column":null}}],"line":44},"7":{"loc":{"start":{"line":45,"column":14},"end":{"line":46,"column":null}},"type":"binary-expr","locations":[{"start":{"line":45,"column":14},"end":{"line":45,"column":null}},{"start":{"line":46,"column":16},"end":{"line":46,"column":null}}],"line":45},"8":{"loc":{"start":{"line":53,"column":9},"end":{"line":59,"column":null}},"type":"binary-expr","locations":[{"start":{"line":53,"column":9},"end":{"line":53,"column":null}},{"start":{"line":54,"column":10},"end":{"line":59,"column":null}}],"line":53},"9":{"loc":{"start":{"line":62,"column":9},"end":{"line":68,"column":null}},"type":"binary-expr","locations":[{"start":{"line":62,"column":9},"end":{"line":62,"column":19}},{"start":{"line":62,"column":19},"end":{"line":62,"column":null}},{"start":{"line":63,"column":10},"end":{"line":68,"column":null}}],"line":62}},"s":{"0":1,"1":2,"2":2,"3":2,"4":1},"f":{"0":2},"b":{"0":[2],"1":[2,2],"2":[2,1],"3":[2,0],"4":[1,1],"5":[0,1],"6":[2,0],"7":[2,1],"8":[2,1],"9":[2,1,0]},"meta":{"lastBranch":10,"lastFunction":1,"lastStatement":5,"seen":{"s:11:13:73:Infinity":0,"f:11:21:11:Infinity":0,"b:12:17:12:21":0,"s:13:10:13:Infinity":1,"s:14:20:14:Infinity":2,"b:14:20:14:26:14:26:14:Infinity":1,"s:16:4:70:Infinity":3,"b:18:9:18:Infinity:19:10:24:Infinity":2,"b:28:11:28:Infinity:29:12:34:11":3,"b:40:22:40:43:40:43:40:Infinity":4,"b:40:56:40:78:40:78:40:Infinity":5,"b:44:14:44:22:44:22:44:Infinity":6,"b:45:14:45:Infinity:46:16:46:Infinity":7,"b:53:9:53:Infinity:54:10:59:Infinity":8,"b:62:9:62:19:62:19:62:Infinity:63:10:68:Infinity":9,"s:75:0:75:Infinity":4},"fnNames":{}}}
,"C:\\Users\\aygen\\OneDrive\\Masaüstü\\financefocus\\src\\components\\ui\\Input\\index.ts": {"path":"C:\\Users\\aygen\\OneDrive\\Masaüstü\\financefocus\\src\\components\\ui\\Input\\index.ts","statementMap":{},"fnMap":{},"branchMap":{},"s":{},"f":{},"b":{},"meta":{"lastBranch":0,"lastFunction":0,"lastStatement":0,"seen":{},"fnNames":{}}}
,"C:\\Users\\aygen\\OneDrive\\Masaüstü\\financefocus\\src\\components\\ui\\Modal\\Modal.tsx": {"path":"C:\\Users\\aygen\\OneDrive\\Masaüstü\\financefocus\\src\\components\\ui\\Modal\\Modal.tsx","statementMap":{"0":{"start":{"line":15,"column":13},"end":{"line":104,"column":null}},"1":{"start":{"line":24,"column":8},"end":{"line":24,"column":null}},"2":{"start":{"line":27,"column":2},"end":{"line":35,"column":null}},"3":{"start":{"line":28,"column":10},"end":{"line":32,"column":null}},"4":{"start":{"line":29,"column":6},"end":{"line":31,"column":null}},"5":{"start":{"line":30,"column":8},"end":{"line":30,"column":null}},"6":{"start":{"line":33,"column":4},"end":{"line":33,"column":null}},"7":{"start":{"line":34,"column":4},"end":{"line":34,"column":null}},"8":{"start":{"line":34,"column":17},"end":{"line":34,"column":null}},"9":{"start":{"line":38,"column":2},"end":{"line":47,"column":null}},"10":{"start":{"line":39,"column":4},"end":{"line":43,"column":null}},"11":{"start":{"line":40,"column":6},"end":{"line":40,"column":null}},"12":{"start":{"line":42,"column":6},"end":{"line":42,"column":null}},"13":{"start":{"line":44,"column":4},"end":{"line":46,"column":null}},"14":{"start":{"line":45,"column":6},"end":{"line":45,"column":null}},"15":{"start":{"line":49,"column":2},"end":{"line":49,"column":null}},"16":{"start":{"line":49,"column":15},"end":{"line":49,"column":null}},"17":{"start":{"line":51,"column":16},"end":{"line":56,"column":null}},"18":{"start":{"line":58,"column":2},"end":{"line":102,"column":null}}},"fnMap":{"0":{"name":"(anonymous_0)","decl":{"start":{"line":15,"column":13},"end":{"line":15,"column":44}},"loc":{"start":{"line":23,"column":6},"end":{"line":104,"column":null}},"line":23},"1":{"name":"(anonymous_1)","decl":{"start":{"line":27,"column":2},"end":{"line":27,"column":18}},"loc":{"start":{"line":27,"column":18},"end":{"line":35,"column":5}},"line":27},"2":{"name":"(anonymous_2)","decl":{"start":{"line":28,"column":10},"end":{"line":28,"column":27}},"loc":{"start":{"line":28,"column":52},"end":{"line":32,"column":null}},"line":28},"3":{"name":"(anonymous_3)","decl":{"start":{"line":34,"column":4},"end":{"line":34,"column":17}},"loc":{"start":{"line":34,"column":17},"end":{"line":34,"column":null}},"line":34},"4":{"name":"(anonymous_4)","decl":{"start":{"line":38,"column":2},"end":{"line":38,"column":18}},"loc":{"start":{"line":38,"column":18},"end":{"line":47,"column":5}},"line":38},"5":{"name":"(anonymous_5)","decl":{"start":{"line":44,"column":4},"end":{"line":44,"column":17}},"loc":{"start":{"line":44,"column":17},"end":{"line":46,"column":null}},"line":44}},"branchMap":{"0":{"loc":{"start":{"line":21,"column":2},"end":{"line":21,"column":null}},"type":"default-arg","locations":[{"start":{"line":21,"column":9},"end":{"line":21,"column":null}}],"line":21},"1":{"loc":{"start":{"line":22,"column":2},"end":{"line":22,"column":null}},"type":"default-arg","locations":[{"start":{"line":22,"column":14},"end":{"line":22,"column":null}}],"line":22},"2":{"loc":{"start":{"line":29,"column":6},"end":{"line":31,"column":null}},"type":"if","locations":[{"start":{"line":29,"column":6},"end":{"line":31,"column":null}},{"start":{},"end":{}}],"line":29},"3":{"loc":{"start":{"line":29,"column":10},"end":{"line":29,"column":44}},"type":"binary-expr","locations":[{"start":{"line":29,"column":10},"end":{"line":29,"column":36}},{"start":{"line":29,"column":36},"end":{"line":29,"column":44}}],"line":29},"4":{"loc":{"start":{"line":39,"column":4},"end":{"line":43,"column":null}},"type":"if","locations":[{"start":{"line":39,"column":4},"end":{"line":43,"column":null}},{"start":{"line":41,"column":11},"end":{"line":43,"column":null}}],"line":39},"5":{"loc":{"start":{"line":49,"column":2},"end":{"line":49,"column":null}},"type":"if","locations":[{"start":{"line":49,"column":2},"end":{"line":49,"column":null}},{"start":{},"end":{}}],"line":49},"6":{"loc":{"start":{"line":96,"column":9},"end":{"line":99,"column":null}},"type":"binary-expr","locations":[{"start":{"line":96,"column":9},"end":{"line":96,"column":null}},{"start":{"line":97,"column":10},"end":{"line":99,"column":null}}],"line":96}},"s":{"0":1,"1":2,"2":2,"3":2,"4":0,"5":0,"6":2,"7":2,"8":2,"9":2,"10":2,"11":1,"12":1,"13":2,"14":2,"15":2,"16":1,"17":1,"18":1},"f":{"0":2,"1":2,"2":0,"3":2,"4":2,"5":2},"b":{"0":[2],"1":[2],"2":[0,0],"3":[0,0],"4":[1,1],"5":[1,1],"6":[1,0]},"meta":{"lastBranch":7,"lastFunction":6,"lastStatement":19,"seen":{"s:15:13:104:Infinity":0,"f:15:13:15:44":0,"b:21:9:21:Infinity":0,"b:22:14:22:Infinity":1,"s:24:8:24:Infinity":1,"s:27:2:35:Infinity":2,"f:27:2:27:18":1,"s:28:10:32:Infinity":3,"f:28:10:28:27":2,"b:29:6:31:Infinity:undefined:undefined:undefined:undefined":2,"s:29:6:31:Infinity":4,"b:29:10:29:36:29:36:29:44":3,"s:30:8:30:Infinity":5,"s:33:4:33:Infinity":6,"s:34:4:34:Infinity":7,"f:34:4:34:17":3,"s:34:17:34:Infinity":8,"s:38:2:47:Infinity":9,"f:38:2:38:18":4,"b:39:4:43:Infinity:41:11:43:Infinity":4,"s:39:4:43:Infinity":10,"s:40:6:40:Infinity":11,"s:42:6:42:Infinity":12,"s:44:4:46:Infinity":13,"f:44:4:44:17":5,"s:45:6:45:Infinity":14,"b:49:2:49:Infinity:undefined:undefined:undefined:undefined":5,"s:49:2:49:Infinity":15,"s:49:15:49:Infinity":16,"s:51:16:56:Infinity":17,"s:58:2:102:Infinity":18,"b:96:9:96:Infinity:97:10:99:Infinity":6},"fnNames":{}}}
,"C:\\Users\\aygen\\OneDrive\\Masaüstü\\financefocus\\src\\components\\ui\\Modal\\index.ts": {"path":"C:\\Users\\aygen\\OneDrive\\Masaüstü\\financefocus\\src\\components\\ui\\Modal\\index.ts","statementMap":{},"fnMap":{},"branchMap":{},"s":{},"f":{},"b":{},"meta":{"lastBranch":0,"lastFunction":0,"lastStatement":0,"seen":{},"fnNames":{}}}
,"C:\\Users\\aygen\\OneDrive\\Masaüstü\\financefocus\\src\\components\\ui\\Skeleton\\Skeleton.tsx": {"path":"C:\\Users\\aygen\\OneDrive\\Masaüstü\\financefocus\\src\\components\\ui\\Skeleton\\Skeleton.tsx","statementMap":{"0":{"start":{"line":8,"column":13},"end":{"line":24,"column":null}},"1":{"start":{"line":13,"column":21},"end":{"line":13,"column":null}},"2":{"start":{"line":15,"column":19},"end":{"line":19,"column":null}},"3":{"start":{"line":21,"column":2},"end":{"line":22,"column":null}}},"fnMap":{"0":{"name":"(anonymous_0)","decl":{"start":{"line":8,"column":13},"end":{"line":8,"column":50}},"loc":{"start":{"line":12,"column":6},"end":{"line":24,"column":null}},"line":12}},"branchMap":{"0":{"loc":{"start":{"line":9,"column":2},"end":{"line":9,"column":null}},"type":"default-arg","locations":[{"start":{"line":9,"column":14},"end":{"line":9,"column":null}}],"line":9},"1":{"loc":{"start":{"line":10,"column":2},"end":{"line":10,"column":null}},"type":"default-arg","locations":[{"start":{"line":10,"column":12},"end":{"line":10,"column":null}}],"line":10}},"s":{"0":1,"1":8,"2":8,"3":8},"f":{"0":8},"b":{"0":[8],"1":[8]},"meta":{"lastBranch":2,"lastFunction":1,"lastStatement":4,"seen":{"s:8:13:24:Infinity":0,"f:8:13:8:50":0,"b:9:14:9:Infinity":0,"b:10:12:10:Infinity":1,"s:13:21:13:Infinity":1,"s:15:19:19:Infinity":2,"s:21:2:22:Infinity":3},"fnNames":{}}}
,"C:\\Users\\aygen\\OneDrive\\Masaüstü\\financefocus\\src\\components\\ui\\Skeleton\\SkeletonCard.tsx": {"path":"C:\\Users\\aygen\\OneDrive\\Masaüstü\\financefocus\\src\\components\\ui\\Skeleton\\SkeletonCard.tsx","statementMap":{"0":{"start":{"line":10,"column":13},"end":{"line":42,"column":null}},"1":{"start":{"line":16,"column":2},"end":{"line":40,"column":null}},"2":{"start":{"line":33,"column":10},"end":{"line":37,"column":null}}},"fnMap":{"0":{"name":"(anonymous_0)","decl":{"start":{"line":10,"column":13},"end":{"line":10,"column":58}},"loc":{"start":{"line":15,"column":6},"end":{"line":42,"column":null}},"line":15},"1":{"name":"(anonymous_1)","decl":{"start":{"line":32,"column":39},"end":{"line":32,"column":44}},"loc":{"start":{"line":33,"column":10},"end":{"line":37,"column":null}},"line":33}},"branchMap":{"0":{"loc":{"start":{"line":11,"column":2},"end":{"line":11,"column":null}},"type":"default-arg","locations":[{"start":{"line":11,"column":14},"end":{"line":11,"column":null}}],"line":11},"1":{"loc":{"start":{"line":12,"column":2},"end":{"line":12,"column":null}},"type":"default-arg","locations":[{"start":{"line":12,"column":14},"end":{"line":12,"column":null}}],"line":12},"2":{"loc":{"start":{"line":13,"column":2},"end":{"line":13,"column":null}},"type":"default-arg","locations":[{"start":{"line":13,"column":10},"end":{"line":13,"column":null}}],"line":13},"3":{"loc":{"start":{"line":25,"column":9},"end":{"line":26,"column":9}},"type":"binary-expr","locations":[{"start":{"line":25,"column":9},"end":{"line":25,"column":22}},{"start":{"line":25,"column":22},"end":{"line":26,"column":9}}],"line":25},"4":{"loc":{"start":{"line":36,"column":33},"end":{"line":36,"column":73}},"type":"cond-expr","locations":[{"start":{"line":36,"column":55},"end":{"line":36,"column":65}},{"start":{"line":36,"column":65},"end":{"line":36,"column":73}}],"line":36}},"s":{"0":1,"1":0,"2":0},"f":{"0":0,"1":0},"b":{"0":[0],"1":[0],"2":[0],"3":[0,0],"4":[0,0]},"meta":{"lastBranch":5,"lastFunction":2,"lastStatement":3,"seen":{"s:10:13:42:Infinity":0,"f:10:13:10:58":0,"b:11:14:11:Infinity":0,"b:12:14:12:Infinity":1,"b:13:10:13:Infinity":2,"s:16:2:40:Infinity":1,"b:25:9:25:22:25:22:26:9":3,"f:32:39:32:44":1,"s:33:10:37:Infinity":2,"b:36:55:36:65:36:65:36:73":4},"fnNames":{}}}
,"C:\\Users\\aygen\\OneDrive\\Masaüstü\\financefocus\\src\\components\\ui\\Skeleton\\SkeletonTable.tsx": {"path":"C:\\Users\\aygen\\OneDrive\\Masaüstü\\financefocus\\src\\components\\ui\\Skeleton\\SkeletonTable.tsx","statementMap":{"0":{"start":{"line":10,"column":13},"end":{"line":57,"column":null}},"1":{"start":{"line":16,"column":2},"end":{"line":55,"column":null}},"2":{"start":{"line":29,"column":14},"end":{"line":31,"column":null}},"3":{"start":{"line":39,"column":12},"end":{"line":51,"column":null}},"4":{"start":{"line":42,"column":31},"end":{"line":42,"column":null}},"5":{"start":{"line":43,"column":35},"end":{"line":43,"column":null}},"6":{"start":{"line":45,"column":16},"end":{"line":48,"column":null}}},"fnMap":{"0":{"name":"(anonymous_0)","decl":{"start":{"line":10,"column":13},"end":{"line":10,"column":60}},"loc":{"start":{"line":15,"column":6},"end":{"line":57,"column":null}},"line":15},"1":{"name":"(anonymous_1)","decl":{"start":{"line":28,"column":45},"end":{"line":28,"column":50}},"loc":{"start":{"line":29,"column":14},"end":{"line":31,"column":null}},"line":29},"2":{"name":"(anonymous_2)","decl":{"start":{"line":38,"column":40},"end":{"line":38,"column":45}},"loc":{"start":{"line":39,"column":12},"end":{"line":51,"column":null}},"line":39},"3":{"name":"(anonymous_3)","decl":{"start":{"line":40,"column":47},"end":{"line":40,"column":52}},"loc":{"start":{"line":40,"column":68},"end":{"line":50,"column":15}},"line":40}},"branchMap":{"0":{"loc":{"start":{"line":11,"column":2},"end":{"line":11,"column":null}},"type":"default-arg","locations":[{"start":{"line":11,"column":14},"end":{"line":11,"column":null}}],"line":11},"1":{"loc":{"start":{"line":12,"column":2},"end":{"line":12,"column":null}},"type":"default-arg","locations":[{"start":{"line":12,"column":9},"end":{"line":12,"column":null}}],"line":12},"2":{"loc":{"start":{"line":13,"column":2},"end":{"line":13,"column":null}},"type":"default-arg","locations":[{"start":{"line":13,"column":12},"end":{"line":13,"column":null}}],"line":13}},"s":{"0":1,"1":0,"2":0,"3":0,"4":0,"5":0,"6":0},"f":{"0":0,"1":0,"2":0,"3":0},"b":{"0":[0],"1":[0],"2":[0]},"meta":{"lastBranch":3,"lastFunction":4,"lastStatement":7,"seen":{"s:10:13:57:Infinity":0,"f:10:13:10:60":0,"b:11:14:11:Infinity":0,"b:12:9:12:Infinity":1,"b:13:12:13:Infinity":2,"s:16:2:55:Infinity":1,"f:28:45:28:50":1,"s:29:14:31:Infinity":2,"f:38:40:38:45":2,"s:39:12:51:Infinity":3,"f:40:47:40:52":3,"s:42:31:42:Infinity":4,"s:43:35:43:Infinity":5,"s:45:16:48:Infinity":6},"fnNames":{}}}
,"C:\\Users\\aygen\\OneDrive\\Masaüstü\\financefocus\\src\\components\\ui\\Skeleton\\SkeletonText.tsx": {"path":"C:\\Users\\aygen\\OneDrive\\Masaüstü\\financefocus\\src\\components\\ui\\Skeleton\\SkeletonText.tsx","statementMap":{"0":{"start":{"line":10,"column":13},"end":{"line":27,"column":null}},"1":{"start":{"line":16,"column":2},"end":{"line":25,"column":null}},"2":{"start":{"line":19,"column":8},"end":{"line":23,"column":null}}},"fnMap":{"0":{"name":"(anonymous_0)","decl":{"start":{"line":10,"column":13},"end":{"line":10,"column":58}},"loc":{"start":{"line":15,"column":6},"end":{"line":27,"column":null}},"line":15},"1":{"name":"(anonymous_1)","decl":{"start":{"line":18,"column":36},"end":{"line":18,"column":41}},"loc":{"start":{"line":19,"column":8},"end":{"line":23,"column":null}},"line":19}},"branchMap":{"0":{"loc":{"start":{"line":11,"column":2},"end":{"line":11,"column":null}},"type":"default-arg","locations":[{"start":{"line":11,"column":14},"end":{"line":11,"column":null}}],"line":11},"1":{"loc":{"start":{"line":12,"column":2},"end":{"line":12,"column":null}},"type":"default-arg","locations":[{"start":{"line":12,"column":9},"end":{"line":12,"column":null}}],"line":12},"2":{"loc":{"start":{"line":13,"column":2},"end":{"line":13,"column":null}},"type":"default-arg","locations":[{"start":{"line":13,"column":16},"end":{"line":13,"column":null}}],"line":13},"3":{"loc":{"start":{"line":22,"column":37},"end":{"line":22,"column":76}},"type":"cond-expr","locations":[{"start":{"line":22,"column":58},"end":{"line":22,"column":68}},{"start":{"line":22,"column":68},"end":{"line":22,"column":76}}],"line":22}},"s":{"0":1,"1":0,"2":0},"f":{"0":0,"1":0},"b":{"0":[0],"1":[0],"2":[0],"3":[0,0]},"meta":{"lastBranch":4,"lastFunction":2,"lastStatement":3,"seen":{"s:10:13:27:Infinity":0,"f:10:13:10:58":0,"b:11:14:11:Infinity":0,"b:12:9:12:Infinity":1,"b:13:16:13:Infinity":2,"s:16:2:25:Infinity":1,"f:18:36:18:41":1,"s:19:8:23:Infinity":2,"b:22:58:22:68:22:68:22:76":3},"fnNames":{}}}
,"C:\\Users\\aygen\\OneDrive\\Masaüstü\\financefocus\\src\\components\\ui\\Skeleton\\index.ts": {"path":"C:\\Users\\aygen\\OneDrive\\Masaüstü\\financefocus\\src\\components\\ui\\Skeleton\\index.ts","statementMap":{},"fnMap":{},"branchMap":{},"s":{},"f":{},"b":{},"meta":{"lastBranch":0,"lastFunction":0,"lastStatement":0,"seen":{},"fnNames":{}}}
,"C:\\Users\\aygen\\OneDrive\\Masaüstü\\financefocus\\src\\components\\ui\\Spinner\\Spinner.tsx": {"path":"C:\\Users\\aygen\\OneDrive\\Masaüstü\\financefocus\\src\\components\\ui\\Spinner\\Spinner.tsx","statementMap":{"0":{"start":{"line":9,"column":13},"end":{"line":57,"column":null}},"1":{"start":{"line":15,"column":16},"end":{"line":19,"column":null}},"2":{"start":{"line":21,"column":19},"end":{"line":26,"column":null}},"3":{"start":{"line":28,"column":2},"end":{"line":55,"column":null}}},"fnMap":{"0":{"name":"(anonymous_0)","decl":{"start":{"line":9,"column":13},"end":{"line":9,"column":48}},"loc":{"start":{"line":14,"column":6},"end":{"line":57,"column":null}},"line":14}},"branchMap":{"0":{"loc":{"start":{"line":10,"column":2},"end":{"line":10,"column":null}},"type":"default-arg","locations":[{"start":{"line":10,"column":14},"end":{"line":10,"column":null}}],"line":10},"1":{"loc":{"start":{"line":11,"column":2},"end":{"line":11,"column":null}},"type":"default-arg","locations":[{"start":{"line":11,"column":9},"end":{"line":11,"column":null}}],"line":11},"2":{"loc":{"start":{"line":12,"column":2},"end":{"line":12,"column":null}},"type":"default-arg","locations":[{"start":{"line":12,"column":12},"end":{"line":12,"column":null}}],"line":12}},"s":{"0":1,"1":0,"2":0,"3":0},"f":{"0":0},"b":{"0":[0],"1":[0],"2":[0]},"meta":{"lastBranch":3,"lastFunction":1,"lastStatement":4,"seen":{"s:9:13:57:Infinity":0,"f:9:13:9:48":0,"b:10:14:10:Infinity":0,"b:11:9:11:Infinity":1,"b:12:12:12:Infinity":2,"s:15:16:19:Infinity":1,"s:21:19:26:Infinity":2,"s:28:2:55:Infinity":3},"fnNames":{}}}
,"C:\\Users\\aygen\\OneDrive\\Masaüstü\\financefocus\\src\\components\\ui\\Spinner\\index.ts": {"path":"C:\\Users\\aygen\\OneDrive\\Masaüstü\\financefocus\\src\\components\\ui\\Spinner\\index.ts","statementMap":{},"fnMap":{},"branchMap":{},"s":{},"f":{},"b":{},"meta":{"lastBranch":0,"lastFunction":0,"lastStatement":0,"seen":{},"fnNames":{}}}
,"C:\\Users\\aygen\\OneDrive\\Masaüstü\\financefocus\\src\\features\\activity\\activitySlice.ts": {"path":"C:\\Users\\aygen\\OneDrive\\Masaüstü\\financefocus\\src\\features\\activity\\activitySlice.ts","statementMap":{"0":{"start":{"line":24,"column":36},"end":{"line":28,"column":null}},"1":{"start":{"line":31,"column":41},"end":{"line":92,"column":null}},"2":{"start":{"line":95,"column":13},"end":{"line":102,"column":null}},"3":{"start":{"line":96,"column":2},"end":{"line":101,"column":null}},"4":{"start":{"line":97,"column":21},"end":{"line":97,"column":null}},"5":{"start":{"line":98,"column":4},"end":{"line":98,"column":null}},"6":{"start":{"line":100,"column":4},"end":{"line":100,"column":null}},"7":{"start":{"line":104,"column":13},"end":{"line":127,"column":null}},"8":{"start":{"line":107,"column":22},"end":{"line":107,"column":null}},"9":{"start":{"line":108,"column":17},"end":{"line":108,"column":null}},"10":{"start":{"line":109,"column":17},"end":{"line":109,"column":null}},"11":{"start":{"line":110,"column":15},"end":{"line":110,"column":null}},"12":{"start":{"line":112,"column":37},"end":{"line":118,"column":null}},"13":{"start":{"line":120,"column":4},"end":{"line":125,"column":null}},"14":{"start":{"line":121,"column":23},"end":{"line":121,"column":null}},"15":{"start":{"line":122,"column":6},"end":{"line":122,"column":null}},"16":{"start":{"line":124,"column":6},"end":{"line":124,"column":null}},"17":{"start":{"line":129,"column":13},"end":{"line":158,"column":null}},"18":{"start":{"line":134,"column":6},"end":{"line":134,"column":null}},"19":{"start":{"line":138,"column":4},"end":{"line":156,"column":null}},"20":{"start":{"line":140,"column":8},"end":{"line":140,"column":null}},"21":{"start":{"line":141,"column":8},"end":{"line":141,"column":null}},"22":{"start":{"line":144,"column":8},"end":{"line":144,"column":null}},"23":{"start":{"line":145,"column":8},"end":{"line":147,"column":null}},"24":{"start":{"line":146,"column":20},"end":{"line":146,"column":null}},"25":{"start":{"line":148,"column":8},"end":{"line":148,"column":null}},"26":{"start":{"line":151,"column":8},"end":{"line":151,"column":null}},"27":{"start":{"line":152,"column":8},"end":{"line":152,"column":null}},"28":{"start":{"line":155,"column":8},"end":{"line":155,"column":null}},"29":{"start":{"line":160,"column":35},"end":{"line":160,"column":null}}},"fnMap":{"0":{"name":"(anonymous_0)","decl":{"start":{"line":95,"column":76},"end":{"line":95,"column":88}},"loc":{"start":{"line":95,"column":88},"end":{"line":102,"column":1}},"line":95},"1":{"name":"(anonymous_1)","decl":{"start":{"line":106,"column":2},"end":{"line":106,"column":9}},"loc":{"start":{"line":106,"column":77},"end":{"line":126,"column":null}},"line":106},"2":{"name":"(anonymous_2)","decl":{"start":{"line":133,"column":4},"end":{"line":133,"column":22}},"loc":{"start":{"line":133,"column":32},"end":{"line":135,"column":null}},"line":133},"3":{"name":"(anonymous_3)","decl":{"start":{"line":137,"column":2},"end":{"line":137,"column":18}},"loc":{"start":{"line":137,"column":30},"end":{"line":157,"column":null}},"line":137},"4":{"name":"(anonymous_4)","decl":{"start":{"line":139,"column":31},"end":{"line":139,"column":41}},"loc":{"start":{"line":139,"column":51},"end":{"line":142,"column":7}},"line":139},"5":{"name":"(anonymous_5)","decl":{"start":{"line":143,"column":31},"end":{"line":143,"column":43}},"loc":{"start":{"line":143,"column":91},"end":{"line":149,"column":7}},"line":143},"6":{"name":"(anonymous_6)","decl":{"start":{"line":145,"column":36},"end":{"line":145,"column":null}},"loc":{"start":{"line":146,"column":20},"end":{"line":146,"column":null}},"line":146},"7":{"name":"(anonymous_7)","decl":{"start":{"line":150,"column":31},"end":{"line":150,"column":42}},"loc":{"start":{"line":150,"column":60},"end":{"line":153,"column":7}},"line":150},"8":{"name":"(anonymous_8)","decl":{"start":{"line":154,"column":30},"end":{"line":154,"column":42}},"loc":{"start":{"line":154,"column":88},"end":{"line":156,"column":7}},"line":154}},"branchMap":{"0":{"loc":{"start":{"line":98,"column":11},"end":{"line":98,"column":null}},"type":"cond-expr","locations":[{"start":{"line":98,"column":38},"end":{"line":98,"column":54}},{"start":{"line":98,"column":54},"end":{"line":98,"column":null}}],"line":98},"1":{"loc":{"start":{"line":152,"column":22},"end":{"line":152,"column":null}},"type":"binary-expr","locations":[{"start":{"line":152,"column":22},"end":{"line":152,"column":46}},{"start":{"line":152,"column":46},"end":{"line":152,"column":null}}],"line":152}},"s":{"0":1,"1":1,"2":1,"3":0,"4":0,"5":0,"6":0,"7":1,"8":0,"9":0,"10":0,"11":0,"12":0,"13":0,"14":0,"15":0,"16":0,"17":1,"18":0,"19":1,"20":0,"21":0,"22":0,"23":0,"24":0,"25":0,"26":0,"27":0,"28":0,"29":1},"f":{"0":0,"1":0,"2":0,"3":1,"4":0,"5":0,"6":0,"7":0,"8":0},"b":{"0":[0,0],"1":[0,0]},"meta":{"lastBranch":2,"lastFunction":9,"lastStatement":30,"seen":{"s:24:36:28:Infinity":0,"s:31:41:92:Infinity":1,"s:95:13:102:Infinity":2,"f:95:76:95:88":0,"s:96:2:101:Infinity":3,"s:97:21:97:Infinity":4,"s:98:4:98:Infinity":5,"b:98:38:98:54:98:54:98:Infinity":0,"s:100:4:100:Infinity":6,"s:104:13:127:Infinity":7,"f:106:2:106:9":1,"s:107:22:107:Infinity":8,"s:108:17:108:Infinity":9,"s:109:17:109:Infinity":10,"s:110:15:110:Infinity":11,"s:112:37:118:Infinity":12,"s:120:4:125:Infinity":13,"s:121:23:121:Infinity":14,"s:122:6:122:Infinity":15,"s:124:6:124:Infinity":16,"s:129:13:158:Infinity":17,"f:133:4:133:22":2,"s:134:6:134:Infinity":18,"f:137:2:137:18":3,"s:138:4:156:Infinity":19,"f:139:31:139:41":4,"s:140:8:140:Infinity":20,"s:141:8:141:Infinity":21,"f:143:31:143:43":5,"s:144:8:144:Infinity":22,"s:145:8:147:Infinity":23,"f:145:36:145:Infinity":6,"s:146:20:146:Infinity":24,"s:148:8:148:Infinity":25,"f:150:31:150:42":7,"s:151:8:151:Infinity":26,"s:152:8:152:Infinity":27,"b:152:22:152:46:152:46:152:Infinity":1,"f:154:30:154:42":8,"s:155:8:155:Infinity":28,"s:160:35:160:Infinity":29},"fnNames":{}}}
,"C:\\Users\\aygen\\OneDrive\\Masaüstü\\financefocus\\src\\features\\auth\\authSlice.ts": {"path":"C:\\Users\\aygen\\OneDrive\\Masaüstü\\financefocus\\src\\features\\auth\\authSlice.ts","statementMap":{"0":{"start":{"line":18,"column":32},"end":{"line":23,"column":null}},"1":{"start":{"line":26,"column":13},"end":{"line":28,"column":null}},"2":{"start":{"line":27,"column":2},"end":{"line":27,"column":null}},"3":{"start":{"line":30,"column":13},"end":{"line":35,"column":null}},"4":{"start":{"line":33,"column":4},"end":{"line":33,"column":null}},"5":{"start":{"line":37,"column":13},"end":{"line":78,"column":null}},"6":{"start":{"line":42,"column":6},"end":{"line":42,"column":null}},"7":{"start":{"line":43,"column":6},"end":{"line":43,"column":null}},"8":{"start":{"line":46,"column":6},"end":{"line":46,"column":null}},"9":{"start":{"line":50,"column":4},"end":{"line":76,"column":null}},"10":{"start":{"line":52,"column":8},"end":{"line":52,"column":null}},"11":{"start":{"line":53,"column":8},"end":{"line":53,"column":null}},"12":{"start":{"line":56,"column":8},"end":{"line":56,"column":null}},"13":{"start":{"line":57,"column":8},"end":{"line":57,"column":null}},"14":{"start":{"line":58,"column":8},"end":{"line":58,"column":null}},"15":{"start":{"line":59,"column":8},"end":{"line":59,"column":null}},"16":{"start":{"line":62,"column":8},"end":{"line":62,"column":null}},"17":{"start":{"line":63,"column":8},"end":{"line":63,"column":null}},"18":{"start":{"line":66,"column":8},"end":{"line":66,"column":null}},"19":{"start":{"line":67,"column":8},"end":{"line":67,"column":null}},"20":{"start":{"line":70,"column":8},"end":{"line":70,"column":null}},"21":{"start":{"line":71,"column":8},"end":{"line":71,"column":null}},"22":{"start":{"line":74,"column":8},"end":{"line":74,"column":null}},"23":{"start":{"line":75,"column":8},"end":{"line":75,"column":null}},"24":{"start":{"line":81,"column":13},"end":{"line":81,"column":null}},"25":{"start":{"line":81,"column":62},"end":{"line":81,"column":null}},"26":{"start":{"line":82,"column":13},"end":{"line":82,"column":null}},"27":{"start":{"line":82,"column":69},"end":{"line":82,"column":null}},"28":{"start":{"line":83,"column":13},"end":{"line":83,"column":null}},"29":{"start":{"line":83,"column":65},"end":{"line":83,"column":null}},"30":{"start":{"line":84,"column":13},"end":{"line":84,"column":null}},"31":{"start":{"line":84,"column":63},"end":{"line":84,"column":null}},"32":{"start":{"line":86,"column":38},"end":{"line":86,"column":null}}},"fnMap":{"0":{"name":"(anonymous_0)","decl":{"start":{"line":26,"column":60},"end":{"line":26,"column":67}},"loc":{"start":{"line":26,"column":98},"end":{"line":28,"column":1}},"line":26},"1":{"name":"(anonymous_1)","decl":{"start":{"line":32,"column":2},"end":{"line":32,"column":9}},"loc":{"start":{"line":32,"column":75},"end":{"line":34,"column":null}},"line":32},"2":{"name":"(anonymous_2)","decl":{"start":{"line":41,"column":4},"end":{"line":41,"column":13}},"loc":{"start":{"line":41,"column":23},"end":{"line":44,"column":null}},"line":41},"3":{"name":"(anonymous_3)","decl":{"start":{"line":45,"column":4},"end":{"line":45,"column":17}},"loc":{"start":{"line":45,"column":27},"end":{"line":47,"column":null}},"line":45},"4":{"name":"(anonymous_4)","decl":{"start":{"line":49,"column":2},"end":{"line":49,"column":18}},"loc":{"start":{"line":49,"column":30},"end":{"line":77,"column":null}},"line":49},"5":{"name":"(anonymous_5)","decl":{"start":{"line":51,"column":25},"end":{"line":51,"column":35}},"loc":{"start":{"line":51,"column":45},"end":{"line":54,"column":7}},"line":51},"6":{"name":"(anonymous_6)","decl":{"start":{"line":55,"column":25},"end":{"line":55,"column":37}},"loc":{"start":{"line":55,"column":76},"end":{"line":60,"column":7}},"line":55},"7":{"name":"(anonymous_7)","decl":{"start":{"line":61,"column":25},"end":{"line":61,"column":36}},"loc":{"start":{"line":61,"column":54},"end":{"line":64,"column":7}},"line":61},"8":{"name":"(anonymous_8)","decl":{"start":{"line":65,"column":28},"end":{"line":65,"column":38}},"loc":{"start":{"line":65,"column":48},"end":{"line":68,"column":7}},"line":65},"9":{"name":"(anonymous_9)","decl":{"start":{"line":69,"column":28},"end":{"line":69,"column":40}},"loc":{"start":{"line":69,"column":50},"end":{"line":72,"column":7}},"line":69},"10":{"name":"(anonymous_10)","decl":{"start":{"line":73,"column":28},"end":{"line":73,"column":39}},"loc":{"start":{"line":73,"column":57},"end":{"line":76,"column":7}},"line":73},"11":{"name":"(anonymous_11)","decl":{"start":{"line":81,"column":13},"end":{"line":81,"column":31}},"loc":{"start":{"line":81,"column":62},"end":{"line":81,"column":null}},"line":81},"12":{"name":"(anonymous_12)","decl":{"start":{"line":82,"column":13},"end":{"line":82,"column":38}},"loc":{"start":{"line":82,"column":69},"end":{"line":82,"column":null}},"line":82},"13":{"name":"(anonymous_13)","decl":{"start":{"line":83,"column":13},"end":{"line":83,"column":34}},"loc":{"start":{"line":83,"column":65},"end":{"line":83,"column":null}},"line":83},"14":{"name":"(anonymous_14)","decl":{"start":{"line":84,"column":13},"end":{"line":84,"column":32}},"loc":{"start":{"line":84,"column":63},"end":{"line":84,"column":null}},"line":84}},"branchMap":{"0":{"loc":{"start":{"line":63,"column":22},"end":{"line":63,"column":null}},"type":"binary-expr","locations":[{"start":{"line":63,"column":22},"end":{"line":63,"column":46}},{"start":{"line":63,"column":46},"end":{"line":63,"column":null}}],"line":63},"1":{"loc":{"start":{"line":75,"column":22},"end":{"line":75,"column":null}},"type":"binary-expr","locations":[{"start":{"line":75,"column":22},"end":{"line":75,"column":46}},{"start":{"line":75,"column":46},"end":{"line":75,"column":null}}],"line":75}},"s":{"0":1,"1":1,"2":0,"3":1,"4":0,"5":1,"6":0,"7":0,"8":0,"9":1,"10":0,"11":0,"12":0,"13":0,"14":0,"15":0,"16":0,"17":0,"18":0,"19":0,"20":0,"21":0,"22":0,"23":0,"24":1,"25":0,"26":1,"27":0,"28":1,"29":0,"30":1,"31":0,"32":1},"f":{"0":0,"1":0,"2":0,"3":0,"4":1,"5":0,"6":0,"7":0,"8":0,"9":0,"10":0,"11":0,"12":0,"13":0,"14":0},"b":{"0":[0,0],"1":[0,0]},"meta":{"lastBranch":2,"lastFunction":15,"lastStatement":33,"seen":{"s:18:32:23:Infinity":0,"s:26:13:28:Infinity":1,"f:26:60:26:67":0,"s:27:2:27:Infinity":2,"s:30:13:35:Infinity":3,"f:32:2:32:9":1,"s:33:4:33:Infinity":4,"s:37:13:78:Infinity":5,"f:41:4:41:13":2,"s:42:6:42:Infinity":6,"s:43:6:43:Infinity":7,"f:45:4:45:17":3,"s:46:6:46:Infinity":8,"f:49:2:49:18":4,"s:50:4:76:Infinity":9,"f:51:25:51:35":5,"s:52:8:52:Infinity":10,"s:53:8:53:Infinity":11,"f:55:25:55:37":6,"s:56:8:56:Infinity":12,"s:57:8:57:Infinity":13,"s:58:8:58:Infinity":14,"s:59:8:59:Infinity":15,"f:61:25:61:36":7,"s:62:8:62:Infinity":16,"s:63:8:63:Infinity":17,"b:63:22:63:46:63:46:63:Infinity":0,"f:65:28:65:38":8,"s:66:8:66:Infinity":18,"s:67:8:67:Infinity":19,"f:69:28:69:40":9,"s:70:8:70:Infinity":20,"s:71:8:71:Infinity":21,"f:73:28:73:39":10,"s:74:8:74:Infinity":22,"s:75:8:75:Infinity":23,"b:75:22:75:46:75:46:75:Infinity":1,"s:81:13:81:Infinity":24,"f:81:13:81:31":11,"s:81:62:81:Infinity":25,"s:82:13:82:Infinity":26,"f:82:13:82:38":12,"s:82:69:82:Infinity":27,"s:83:13:83:Infinity":28,"f:83:13:83:34":13,"s:83:65:83:Infinity":29,"s:84:13:84:Infinity":30,"f:84:13:84:32":14,"s:84:63:84:Infinity":31,"s:86:38:86:Infinity":32},"fnNames":{}}}
,"C:\\Users\\aygen\\OneDrive\\Masaüstü\\financefocus\\src\\features\\budget\\budgetSlice.ts": {"path":"C:\\Users\\aygen\\OneDrive\\Masaüstü\\financefocus\\src\\features\\budget\\budgetSlice.ts","statementMap":{"0":{"start":{"line":21,"column":34},"end":{"line":25,"column":null}},"1":{"start":{"line":28,"column":13},"end":{"line":40,"column":null}},"2":{"start":{"line":31,"column":4},"end":{"line":38,"column":null}},"3":{"start":{"line":32,"column":6},"end":{"line":32,"column":null}},"4":{"start":{"line":34,"column":6},"end":{"line":36,"column":null}},"5":{"start":{"line":35,"column":8},"end":{"line":35,"column":null}},"6":{"start":{"line":37,"column":6},"end":{"line":37,"column":null}},"7":{"start":{"line":42,"column":13},"end":{"line":54,"column":null}},"8":{"start":{"line":45,"column":4},"end":{"line":52,"column":null}},"9":{"start":{"line":46,"column":6},"end":{"line":46,"column":null}},"10":{"start":{"line":48,"column":6},"end":{"line":50,"column":null}},"11":{"start":{"line":49,"column":8},"end":{"line":49,"column":null}},"12":{"start":{"line":51,"column":6},"end":{"line":51,"column":null}},"13":{"start":{"line":56,"column":13},"end":{"line":83,"column":null}},"14":{"start":{"line":61,"column":6},"end":{"line":61,"column":null}},"15":{"start":{"line":65,"column":4},"end":{"line":81,"column":null}},"16":{"start":{"line":67,"column":8},"end":{"line":67,"column":null}},"17":{"start":{"line":68,"column":8},"end":{"line":68,"column":null}},"18":{"start":{"line":71,"column":8},"end":{"line":71,"column":null}},"19":{"start":{"line":72,"column":8},"end":{"line":72,"column":null}},"20":{"start":{"line":73,"column":8},"end":{"line":73,"column":null}},"21":{"start":{"line":76,"column":8},"end":{"line":76,"column":null}},"22":{"start":{"line":77,"column":8},"end":{"line":77,"column":null}},"23":{"start":{"line":80,"column":8},"end":{"line":80,"column":null}},"24":{"start":{"line":86,"column":13},"end":{"line":86,"column":null}},"25":{"start":{"line":86,"column":65},"end":{"line":86,"column":null}},"26":{"start":{"line":87,"column":13},"end":{"line":87,"column":null}},"27":{"start":{"line":87,"column":71},"end":{"line":87,"column":null}},"28":{"start":{"line":88,"column":13},"end":{"line":88,"column":null}},"29":{"start":{"line":88,"column":69},"end":{"line":88,"column":null}},"30":{"start":{"line":90,"column":32},"end":{"line":90,"column":null}}},"fnMap":{"0":{"name":"(anonymous_0)","decl":{"start":{"line":30,"column":2},"end":{"line":30,"column":9}},"loc":{"start":{"line":30,"column":36},"end":{"line":39,"column":null}},"line":30},"1":{"name":"(anonymous_1)","decl":{"start":{"line":44,"column":2},"end":{"line":44,"column":9}},"loc":{"start":{"line":44,"column":86},"end":{"line":53,"column":null}},"line":44},"2":{"name":"(anonymous_2)","decl":{"start":{"line":60,"column":4},"end":{"line":60,"column":19}},"loc":{"start":{"line":60,"column":29},"end":{"line":62,"column":null}},"line":60},"3":{"name":"(anonymous_3)","decl":{"start":{"line":64,"column":2},"end":{"line":64,"column":18}},"loc":{"start":{"line":64,"column":30},"end":{"line":82,"column":null}},"line":64},"4":{"name":"(anonymous_4)","decl":{"start":{"line":66,"column":28},"end":{"line":66,"column":38}},"loc":{"start":{"line":66,"column":48},"end":{"line":69,"column":7}},"line":66},"5":{"name":"(anonymous_5)","decl":{"start":{"line":70,"column":28},"end":{"line":70,"column":40}},"loc":{"start":{"line":70,"column":83},"end":{"line":74,"column":7}},"line":70},"6":{"name":"(anonymous_6)","decl":{"start":{"line":75,"column":28},"end":{"line":75,"column":39}},"loc":{"start":{"line":75,"column":57},"end":{"line":78,"column":7}},"line":75},"7":{"name":"(anonymous_7)","decl":{"start":{"line":79,"column":25},"end":{"line":79,"column":37}},"loc":{"start":{"line":79,"column":78},"end":{"line":81,"column":7}},"line":79},"8":{"name":"(anonymous_8)","decl":{"start":{"line":86,"column":13},"end":{"line":86,"column":30}},"loc":{"start":{"line":86,"column":65},"end":{"line":86,"column":null}},"line":86},"9":{"name":"(anonymous_9)","decl":{"start":{"line":87,"column":13},"end":{"line":87,"column":36}},"loc":{"start":{"line":87,"column":71},"end":{"line":87,"column":null}},"line":87},"10":{"name":"(anonymous_10)","decl":{"start":{"line":88,"column":13},"end":{"line":88,"column":34}},"loc":{"start":{"line":88,"column":69},"end":{"line":88,"column":null}},"line":88}},"branchMap":{"0":{"loc":{"start":{"line":34,"column":6},"end":{"line":36,"column":null}},"type":"if","locations":[{"start":{"line":34,"column":6},"end":{"line":36,"column":null}},{"start":{},"end":{}}],"line":34},"1":{"loc":{"start":{"line":48,"column":6},"end":{"line":50,"column":null}},"type":"if","locations":[{"start":{"line":48,"column":6},"end":{"line":50,"column":null}},{"start":{},"end":{}}],"line":48},"2":{"loc":{"start":{"line":77,"column":23},"end":{"line":77,"column":null}},"type":"binary-expr","locations":[{"start":{"line":77,"column":23},"end":{"line":77,"column":52}},{"start":{"line":77,"column":52},"end":{"line":77,"column":76}},{"start":{"line":77,"column":76},"end":{"line":77,"column":null}}],"line":77}},"s":{"0":1,"1":1,"2":0,"3":0,"4":0,"5":0,"6":0,"7":1,"8":0,"9":0,"10":0,"11":0,"12":0,"13":1,"14":0,"15":1,"16":0,"17":0,"18":0,"19":0,"20":0,"21":0,"22":0,"23":0,"24":1,"25":0,"26":1,"27":0,"28":1,"29":0,"30":1},"f":{"0":0,"1":0,"2":0,"3":1,"4":0,"5":0,"6":0,"7":0,"8":0,"9":0,"10":0},"b":{"0":[0,0],"1":[0,0],"2":[0,0,0]},"meta":{"lastBranch":3,"lastFunction":11,"lastStatement":31,"seen":{"s:21:34:25:Infinity":0,"s:28:13:40:Infinity":1,"f:30:2:30:9":0,"s:31:4:38:Infinity":2,"s:32:6:32:Infinity":3,"b:34:6:36:Infinity:undefined:undefined:undefined:undefined":0,"s:34:6:36:Infinity":4,"s:35:8:35:Infinity":5,"s:37:6:37:Infinity":6,"s:42:13:54:Infinity":7,"f:44:2:44:9":1,"s:45:4:52:Infinity":8,"s:46:6:46:Infinity":9,"b:48:6:50:Infinity:undefined:undefined:undefined:undefined":1,"s:48:6:50:Infinity":10,"s:49:8:49:Infinity":11,"s:51:6:51:Infinity":12,"s:56:13:83:Infinity":13,"f:60:4:60:19":2,"s:61:6:61:Infinity":14,"f:64:2:64:18":3,"s:65:4:81:Infinity":15,"f:66:28:66:38":4,"s:67:8:67:Infinity":16,"s:68:8:68:Infinity":17,"f:70:28:70:40":5,"s:71:8:71:Infinity":18,"s:72:8:72:Infinity":19,"s:73:8:73:Infinity":20,"f:75:28:75:39":6,"s:76:8:76:Infinity":21,"s:77:8:77:Infinity":22,"b:77:23:77:52:77:52:77:76:77:76:77:Infinity":2,"f:79:25:79:37":7,"s:80:8:80:Infinity":23,"s:86:13:86:Infinity":24,"f:86:13:86:30":8,"s:86:65:86:Infinity":25,"s:87:13:87:Infinity":26,"f:87:13:87:36":9,"s:87:71:87:Infinity":27,"s:88:13:88:Infinity":28,"f:88:13:88:34":10,"s:88:69:88:Infinity":29,"s:90:32:90:Infinity":30},"fnNames":{}}}
,"C:\\Users\\aygen\\OneDrive\\Masaüstü\\financefocus\\src\\features\\dashboard\\components\\SummaryCards.tsx": {"path":"C:\\Users\\aygen\\OneDrive\\Masaüstü\\financefocus\\src\\features\\dashboard\\components\\SummaryCards.tsx","statementMap":{"0":{"start":{"line":14,"column":6},"end":{"line":57,"column":null}},"1":{"start":{"line":21,"column":2},"end":{"line":55,"column":null}}},"fnMap":{"0":{"name":"(anonymous_0)","decl":{"start":{"line":14,"column":6},"end":{"line":14,"column":51}},"loc":{"start":{"line":20,"column":6},"end":{"line":57,"column":null}},"line":20}},"branchMap":{"0":{"loc":{"start":{"line":19,"column":2},"end":{"line":19,"column":null}},"type":"default-arg","locations":[{"start":{"line":19,"column":12},"end":{"line":19,"column":null}}],"line":19}},"s":{"0":1,"1":2},"f":{"0":2},"b":{"0":[2]},"meta":{"lastBranch":1,"lastFunction":1,"lastStatement":2,"seen":{"s:14:6:57:Infinity":0,"f:14:6:14:51":0,"b:19:12:19:Infinity":0,"s:21:2:55:Infinity":1},"fnNames":{}}}
,"C:\\Users\\aygen\\OneDrive\\Masaüstü\\financefocus\\src\\features\\notifications\\notificationsSlice.ts": {"path":"C:\\Users\\aygen\\OneDrive\\Masaüstü\\financefocus\\src\\features\\notifications\\notificationsSlice.ts","statementMap":{"0":{"start":{"line":21,"column":41},"end":{"line":25,"column":null}},"1":{"start":{"line":27,"column":50},"end":{"line":46,"column":null}},"2":{"start":{"line":49,"column":13},"end":{"line":56,"column":null}},"3":{"start":{"line":50,"column":2},"end":{"line":55,"column":null}},"4":{"start":{"line":51,"column":21},"end":{"line":51,"column":null}},"5":{"start":{"line":52,"column":4},"end":{"line":52,"column":null}},"6":{"start":{"line":54,"column":4},"end":{"line":54,"column":null}},"7":{"start":{"line":58,"column":13},"end":{"line":74,"column":null}},"8":{"start":{"line":61,"column":40},"end":{"line":66,"column":null}},"9":{"start":{"line":67,"column":4},"end":{"line":72,"column":null}},"10":{"start":{"line":68,"column":23},"end":{"line":68,"column":null}},"11":{"start":{"line":69,"column":6},"end":{"line":69,"column":null}},"12":{"start":{"line":71,"column":6},"end":{"line":71,"column":null}},"13":{"start":{"line":76,"column":13},"end":{"line":86,"column":null}},"14":{"start":{"line":79,"column":4},"end":{"line":84,"column":null}},"15":{"start":{"line":80,"column":23},"end":{"line":80,"column":null}},"16":{"start":{"line":81,"column":6},"end":{"line":81,"column":null}},"17":{"start":{"line":83,"column":6},"end":{"line":83,"column":null}},"18":{"start":{"line":88,"column":13},"end":{"line":103,"column":null}},"19":{"start":{"line":91,"column":18},"end":{"line":91,"column":null}},"20":{"start":{"line":92,"column":19},"end":{"line":92,"column":null}},"21":{"start":{"line":92,"column":62},"end":{"line":92,"column":74}},"22":{"start":{"line":94,"column":4},"end":{"line":101,"column":null}},"23":{"start":{"line":95,"column":6},"end":{"line":97,"column":null}},"24":{"start":{"line":96,"column":29},"end":{"line":96,"column":83}},"25":{"start":{"line":98,"column":6},"end":{"line":98,"column":null}},"26":{"start":{"line":100,"column":6},"end":{"line":100,"column":null}},"27":{"start":{"line":105,"column":13},"end":{"line":115,"column":null}},"28":{"start":{"line":108,"column":4},"end":{"line":113,"column":null}},"29":{"start":{"line":109,"column":6},"end":{"line":109,"column":null}},"30":{"start":{"line":110,"column":6},"end":{"line":110,"column":null}},"31":{"start":{"line":112,"column":6},"end":{"line":112,"column":null}},"32":{"start":{"line":117,"column":13},"end":{"line":159,"column":null}},"33":{"start":{"line":122,"column":6},"end":{"line":122,"column":null}},"34":{"start":{"line":126,"column":4},"end":{"line":157,"column":null}},"35":{"start":{"line":128,"column":8},"end":{"line":128,"column":null}},"36":{"start":{"line":129,"column":8},"end":{"line":129,"column":null}},"37":{"start":{"line":134,"column":10},"end":{"line":134,"column":null}},"38":{"start":{"line":135,"column":10},"end":{"line":137,"column":null}},"39":{"start":{"line":136,"column":22},"end":{"line":136,"column":null}},"40":{"start":{"line":138,"column":10},"end":{"line":138,"column":null}},"41":{"start":{"line":142,"column":8},"end":{"line":142,"column":null}},"42":{"start":{"line":143,"column":8},"end":{"line":143,"column":null}},"43":{"start":{"line":146,"column":8},"end":{"line":146,"column":null}},"44":{"start":{"line":149,"column":21},"end":{"line":149,"column":null}},"45":{"start":{"line":149,"column":45},"end":{"line":149,"column":71}},"46":{"start":{"line":150,"column":8},"end":{"line":150,"column":null}},"47":{"start":{"line":150,"column":18},"end":{"line":150,"column":null}},"48":{"start":{"line":153,"column":8},"end":{"line":153,"column":null}},"49":{"start":{"line":153,"column":49},"end":{"line":153,"column":75}},"50":{"start":{"line":156,"column":8},"end":{"line":156,"column":null}},"51":{"start":{"line":156,"column":51},"end":{"line":156,"column":77}},"52":{"start":{"line":161,"column":38},"end":{"line":161,"column":null}}},"fnMap":{"0":{"name":"(anonymous_0)","decl":{"start":{"line":49,"column":87},"end":{"line":49,"column":99}},"loc":{"start":{"line":49,"column":99},"end":{"line":56,"column":1}},"line":49},"1":{"name":"(anonymous_1)","decl":{"start":{"line":60,"column":2},"end":{"line":60,"column":9}},"loc":{"start":{"line":60,"column":79},"end":{"line":73,"column":null}},"line":60},"2":{"name":"(anonymous_2)","decl":{"start":{"line":78,"column":2},"end":{"line":78,"column":9}},"loc":{"start":{"line":78,"column":24},"end":{"line":85,"column":null}},"line":78},"3":{"name":"(anonymous_3)","decl":{"start":{"line":90,"column":2},"end":{"line":90,"column":9}},"loc":{"start":{"line":90,"column":29},"end":{"line":102,"column":null}},"line":90},"4":{"name":"(anonymous_4)","decl":{"start":{"line":92,"column":45},"end":{"line":92,"column":53}},"loc":{"start":{"line":92,"column":62},"end":{"line":92,"column":74}},"line":92},"5":{"name":"(anonymous_5)","decl":{"start":{"line":96,"column":15},"end":{"line":96,"column":20}},"loc":{"start":{"line":96,"column":29},"end":{"line":96,"column":83}},"line":96},"6":{"name":"(anonymous_6)","decl":{"start":{"line":107,"column":2},"end":{"line":107,"column":9}},"loc":{"start":{"line":107,"column":24},"end":{"line":114,"column":null}},"line":107},"7":{"name":"(anonymous_7)","decl":{"start":{"line":121,"column":4},"end":{"line":121,"column":25}},"loc":{"start":{"line":121,"column":35},"end":{"line":123,"column":null}},"line":121},"8":{"name":"(anonymous_8)","decl":{"start":{"line":125,"column":2},"end":{"line":125,"column":18}},"loc":{"start":{"line":125,"column":30},"end":{"line":158,"column":null}},"line":125},"9":{"name":"(anonymous_9)","decl":{"start":{"line":127,"column":34},"end":{"line":127,"column":44}},"loc":{"start":{"line":127,"column":54},"end":{"line":130,"column":7}},"line":127},"10":{"name":"(anonymous_10)","decl":{"start":{"line":132,"column":27},"end":{"line":132,"column":null}},"loc":{"start":{"line":133,"column":64},"end":{"line":139,"column":null}},"line":133},"11":{"name":"(anonymous_11)","decl":{"start":{"line":135,"column":39},"end":{"line":135,"column":null}},"loc":{"start":{"line":136,"column":22},"end":{"line":136,"column":null}},"line":136},"12":{"name":"(anonymous_12)","decl":{"start":{"line":141,"column":34},"end":{"line":141,"column":45}},"loc":{"start":{"line":141,"column":63},"end":{"line":144,"column":7}},"line":141},"13":{"name":"(anonymous_13)","decl":{"start":{"line":145,"column":31},"end":{"line":145,"column":43}},"loc":{"start":{"line":145,"column":96},"end":{"line":147,"column":7}},"line":145},"14":{"name":"(anonymous_14)","decl":{"start":{"line":148,"column":36},"end":{"line":148,"column":48}},"loc":{"start":{"line":148,"column":97},"end":{"line":151,"column":7}},"line":148},"15":{"name":"(anonymous_15)","decl":{"start":{"line":149,"column":33},"end":{"line":149,"column":39}},"loc":{"start":{"line":149,"column":45},"end":{"line":149,"column":71}},"line":149},"16":{"name":"(anonymous_16)","decl":{"start":{"line":152,"column":40},"end":{"line":152,"column":52}},"loc":{"start":{"line":152,"column":62},"end":{"line":154,"column":7}},"line":152},"17":{"name":"(anonymous_17)","decl":{"start":{"line":153,"column":34},"end":{"line":153,"column":39}},"loc":{"start":{"line":153,"column":49},"end":{"line":153,"column":75}},"line":153},"18":{"name":"(anonymous_18)","decl":{"start":{"line":155,"column":34},"end":{"line":155,"column":46}},"loc":{"start":{"line":155,"column":87},"end":{"line":157,"column":7}},"line":155},"19":{"name":"(anonymous_19)","decl":{"start":{"line":156,"column":34},"end":{"line":156,"column":42}},"loc":{"start":{"line":156,"column":51},"end":{"line":156,"column":77}},"line":156}},"branchMap":{"0":{"loc":{"start":{"line":52,"column":11},"end":{"line":52,"column":null}},"type":"cond-expr","locations":[{"start":{"line":52,"column":38},"end":{"line":52,"column":54}},{"start":{"line":52,"column":54},"end":{"line":52,"column":null}}],"line":52},"1":{"loc":{"start":{"line":143,"column":22},"end":{"line":143,"column":null}},"type":"binary-expr","locations":[{"start":{"line":143,"column":22},"end":{"line":143,"column":46}},{"start":{"line":143,"column":46},"end":{"line":143,"column":null}}],"line":143},"2":{"loc":{"start":{"line":150,"column":8},"end":{"line":150,"column":null}},"type":"if","locations":[{"start":{"line":150,"column":8},"end":{"line":150,"column":null}},{"start":{},"end":{}}],"line":150}},"s":{"0":1,"1":1,"2":1,"3":0,"4":0,"5":0,"6":0,"7":1,"8":0,"9":0,"10":0,"11":0,"12":0,"13":1,"14":0,"15":0,"16":0,"17":0,"18":1,"19":0,"20":0,"21":0,"22":0,"23":0,"24":0,"25":0,"26":0,"27":1,"28":0,"29":0,"30":0,"31":0,"32":1,"33":0,"34":1,"35":0,"36":0,"37":0,"38":0,"39":0,"40":0,"41":0,"42":0,"43":0,"44":0,"45":0,"46":0,"47":0,"48":0,"49":0,"50":0,"51":0,"52":1},"f":{"0":0,"1":0,"2":0,"3":0,"4":0,"5":0,"6":0,"7":0,"8":1,"9":0,"10":0,"11":0,"12":0,"13":0,"14":0,"15":0,"16":0,"17":0,"18":0,"19":0},"b":{"0":[0,0],"1":[0,0],"2":[0,0]},"meta":{"lastBranch":3,"lastFunction":20,"lastStatement":53,"seen":{"s:21:41:25:Infinity":0,"s:27:50:46:Infinity":1,"s:49:13:56:Infinity":2,"f:49:87:49:99":0,"s:50:2:55:Infinity":3,"s:51:21:51:Infinity":4,"s:52:4:52:Infinity":5,"b:52:38:52:54:52:54:52:Infinity":0,"s:54:4:54:Infinity":6,"s:58:13:74:Infinity":7,"f:60:2:60:9":1,"s:61:40:66:Infinity":8,"s:67:4:72:Infinity":9,"s:68:23:68:Infinity":10,"s:69:6:69:Infinity":11,"s:71:6:71:Infinity":12,"s:76:13:86:Infinity":13,"f:78:2:78:9":2,"s:79:4:84:Infinity":14,"s:80:23:80:Infinity":15,"s:81:6:81:Infinity":16,"s:83:6:83:Infinity":17,"s:88:13:103:Infinity":18,"f:90:2:90:9":3,"s:91:18:91:Infinity":19,"s:92:19:92:Infinity":20,"f:92:45:92:53":4,"s:92:62:92:74":21,"s:94:4:101:Infinity":22,"s:95:6:97:Infinity":23,"f:96:15:96:20":5,"s:96:29:96:83":24,"s:98:6:98:Infinity":25,"s:100:6:100:Infinity":26,"s:105:13:115:Infinity":27,"f:107:2:107:9":6,"s:108:4:113:Infinity":28,"s:109:6:109:Infinity":29,"s:110:6:110:Infinity":30,"s:112:6:112:Infinity":31,"s:117:13:159:Infinity":32,"f:121:4:121:25":7,"s:122:6:122:Infinity":33,"f:125:2:125:18":8,"s:126:4:157:Infinity":34,"f:127:34:127:44":9,"s:128:8:128:Infinity":35,"s:129:8:129:Infinity":36,"f:132:27:132:Infinity":10,"s:134:10:134:Infinity":37,"s:135:10:137:Infinity":38,"f:135:39:135:Infinity":11,"s:136:22:136:Infinity":39,"s:138:10:138:Infinity":40,"f:141:34:141:45":12,"s:142:8:142:Infinity":41,"s:143:8:143:Infinity":42,"b:143:22:143:46:143:46:143:Infinity":1,"f:145:31:145:43":13,"s:146:8:146:Infinity":43,"f:148:36:148:48":14,"s:149:21:149:Infinity":44,"f:149:33:149:39":15,"s:149:45:149:71":45,"b:150:8:150:Infinity:undefined:undefined:undefined:undefined":2,"s:150:8:150:Infinity":46,"s:150:18:150:Infinity":47,"f:152:40:152:52":16,"s:153:8:153:Infinity":48,"f:153:34:153:39":17,"s:153:49:153:75":49,"f:155:34:155:46":18,"s:156:8:156:Infinity":50,"f:156:34:156:42":19,"s:156:51:156:77":51,"s:161:38:161:Infinity":52},"fnNames":{}}}
,"C:\\Users\\aygen\\OneDrive\\Masaüstü\\financefocus\\src\\features\\transactions\\transactionsSlice.ts": {"path":"C:\\Users\\aygen\\OneDrive\\Masaüstü\\financefocus\\src\\features\\transactions\\transactionsSlice.ts","statementMap":{"0":{"start":{"line":24,"column":43},"end":{"line":34,"column":null}},"1":{"start":{"line":36,"column":40},"end":{"line":41,"column":null}},"2":{"start":{"line":44,"column":13},"end":{"line":56,"column":null}},"3":{"start":{"line":47,"column":4},"end":{"line":54,"column":null}},"4":{"start":{"line":48,"column":6},"end":{"line":48,"column":null}},"5":{"start":{"line":50,"column":6},"end":{"line":52,"column":null}},"6":{"start":{"line":51,"column":8},"end":{"line":51,"column":null}},"7":{"start":{"line":53,"column":6},"end":{"line":53,"column":null}},"8":{"start":{"line":58,"column":13},"end":{"line":70,"column":null}},"9":{"start":{"line":61,"column":4},"end":{"line":68,"column":null}},"10":{"start":{"line":62,"column":6},"end":{"line":62,"column":null}},"11":{"start":{"line":64,"column":6},"end":{"line":66,"column":null}},"12":{"start":{"line":65,"column":8},"end":{"line":65,"column":null}},"13":{"start":{"line":67,"column":6},"end":{"line":67,"column":null}},"14":{"start":{"line":72,"column":13},"end":{"line":84,"column":null}},"15":{"start":{"line":75,"column":4},"end":{"line":82,"column":null}},"16":{"start":{"line":76,"column":6},"end":{"line":76,"column":null}},"17":{"start":{"line":78,"column":6},"end":{"line":80,"column":null}},"18":{"start":{"line":79,"column":8},"end":{"line":79,"column":null}},"19":{"start":{"line":81,"column":6},"end":{"line":81,"column":null}},"20":{"start":{"line":86,"column":13},"end":{"line":99,"column":null}},"21":{"start":{"line":89,"column":4},"end":{"line":97,"column":null}},"22":{"start":{"line":90,"column":6},"end":{"line":90,"column":null}},"23":{"start":{"line":91,"column":6},"end":{"line":91,"column":null}},"24":{"start":{"line":93,"column":6},"end":{"line":95,"column":null}},"25":{"start":{"line":94,"column":8},"end":{"line":94,"column":null}},"26":{"start":{"line":96,"column":6},"end":{"line":96,"column":null}},"27":{"start":{"line":101,"column":13},"end":{"line":146,"column":null}},"28":{"start":{"line":106,"column":6},"end":{"line":106,"column":null}},"29":{"start":{"line":109,"column":6},"end":{"line":109,"column":null}},"30":{"start":{"line":112,"column":6},"end":{"line":112,"column":null}},"31":{"start":{"line":115,"column":6},"end":{"line":115,"column":null}},"32":{"start":{"line":119,"column":4},"end":{"line":144,"column":null}},"33":{"start":{"line":121,"column":8},"end":{"line":121,"column":null}},"34":{"start":{"line":122,"column":8},"end":{"line":122,"column":null}},"35":{"start":{"line":125,"column":8},"end":{"line":125,"column":null}},"36":{"start":{"line":126,"column":8},"end":{"line":126,"column":null}},"37":{"start":{"line":127,"column":8},"end":{"line":127,"column":null}},"38":{"start":{"line":130,"column":8},"end":{"line":130,"column":null}},"39":{"start":{"line":131,"column":8},"end":{"line":131,"column":null}},"40":{"start":{"line":134,"column":8},"end":{"line":134,"column":null}},"41":{"start":{"line":137,"column":22},"end":{"line":137,"column":null}},"42":{"start":{"line":137,"column":54},"end":{"line":137,"column":83}},"43":{"start":{"line":138,"column":8},"end":{"line":140,"column":null}},"44":{"start":{"line":139,"column":10},"end":{"line":139,"column":null}},"45":{"start":{"line":143,"column":8},"end":{"line":143,"column":null}},"46":{"start":{"line":143,"column":51},"end":{"line":143,"column":77}},"47":{"start":{"line":149,"column":13},"end":{"line":150,"column":null}},"48":{"start":{"line":150,"column":2},"end":{"line":150,"column":null}},"49":{"start":{"line":151,"column":13},"end":{"line":152,"column":null}},"50":{"start":{"line":152,"column":2},"end":{"line":152,"column":null}},"51":{"start":{"line":153,"column":13},"end":{"line":154,"column":null}},"52":{"start":{"line":154,"column":2},"end":{"line":154,"column":null}},"53":{"start":{"line":1
[...]
:2:417:Infinity":155,"b:417:6:417:17:417:17:417:31":43,"s:417:31:417:Infinity":156,"s:418:18:418:Infinity":157,"s:419:2:419:Infinity":158,"s:425:13:428:Infinity":159,"f:425:13:425:38":48,"b:426:2:426:Infinity:undefined:undefined:undefined:undefined":44,"s:426:2:426:Infinity":160,"b:426:6:426:17:426:17:426:31":45,"s:426:31:426:Infinity":161,"s:427:2:427:Infinity":162,"s:433:13:436:Infinity":163,"f:433:13:433:37":49,"b:434:2:434:Infinity:undefined:undefined:undefined:undefined":46,"s:434:2:434:Infinity":164,"b:434:6:434:16:434:16:434:29":47,"s:434:29:434:Infinity":165,"s:435:2:435:Infinity":166,"s:441:13:450:Infinity":167,"f:441:13:441:Infinity":50,"s:444:2:449:Infinity":168,"f:444:23:444:31":51,"b:445:4:447:Infinity:undefined:undefined:undefined:undefined":48,"s:445:4:447:Infinity":169,"s:446:6:446:Infinity":170,"s:448:4:448:Infinity":171,"s:455:13:464:Infinity":172,"f:455:13:455:Infinity":52,"s:458:2:463:Infinity":173,"f:458:23:458:31":53,"b:459:4:461:Infinity:undefined:undefined:undefined:undefined":49,"s:459:4:461:Infinity":174,"s:460:6:460:Infinity":175,"s:462:4:462:Infinity":176,"s:469:13:475:Infinity":177,"f:469:13:469:Infinity":54,"b:472:2:472:Infinity:undefined:undefined:undefined:undefined":50,"s:472:2:472:Infinity":178,"s:472:34:472:Infinity":179,"s:473:23:473:Infinity":180,"s:474:2:474:Infinity":181,"s:480:13:490:Infinity":182,"f:480:13:480:Infinity":55,"b:483:2:483:Infinity:undefined:undefined:undefined:undefined":51,"s:483:2:483:Infinity":183,"s:483:34:483:Infinity":184,"s:484:2:489:Infinity":185,"f:484:23:484:31":56,"s:485:27:485:Infinity":186,"b:485:63:485:83:485:83:485:Infinity":52,"s:487:6:487:Infinity":187,"b:487:48:487:74:487:74:487:Infinity":53,"s:488:4:488:Infinity":188,"b:488:51:488:61:488:61:488:Infinity":54,"s:495:13:505:Infinity":189,"f:495:13:495:Infinity":57,"s:498:2:504:Infinity":190,"f:498:28:498:34":58,"s:499:4:503:Infinity":191,"s:500:6:500:Infinity":192,"s:502:6:502:Infinity":193,"s:510:13:524:Infinity":194,"f:510:13:510:Infinity":59,"s:513:49:513:Infinity":195,"s:515:2:518:Infinity":196,"f:515:16:515:25":60,"s:516:24:516:Infinity":197,"b:516:56:516:72:516:72:516:Infinity":55,"s:517:4:517:Infinity":198,"b:517:33:517:62:517:62:517:67":56,"s:520:2:523:Infinity":199,"f:520:37:520:42":61,"s:520:61:523:4":200,"s:529:13:551:Infinity":201,"f:529:13:529:Infinity":62,"s:534:8:534:Infinity":202,"s:535:8:535:Infinity":203,"s:536:49:536:Infinity":204,"s:538:2:545:Infinity":205,"f:539:5:539:13":63,"s:540:12:540:Infinity":206,"s:541:6:541:Infinity":207,"b:541:13:541:48:541:48:541:67:541:67:541:Infinity":57,"f:543:5:543:14":64,"s:544:6:544:Infinity":208,"b:544:33:544:60:544:60:544:65":58,"s:547:2:550:Infinity":209,"f:547:37:547:42":65,"s:547:61:550:4":210,"s:556:13:598:Infinity":211,"f:556:13:556:Infinity":66,"s:559:16:559:Infinity":212,"s:560:77:560:Infinity":213,"s:563:2:567:Infinity":214,"s:563:15:563:18":215,"s:564:10:564:Infinity":216,"s:565:10:565:Infinity":217,"s:566:4:566:Infinity":218,"s:569:8:569:Infinity":219,"s:572:2:587:Infinity":220,"f:572:15:572:24":67,"s:573:10:573:Infinity":221,"b:574:4:586:Infinity:undefined:undefined:undefined:undefined":59,"s:574:4:586:Infinity":222,"b:574:4:575:Infinity:575:34:576:Infinity":60,"s:578:12:578:Infinity":223,"b:579:6:585:Infinity:undefined:undefined:undefined:undefined":61,"s:579:6:585:Infinity":224,"b:580:8:584:Infinity:582:15:584:Infinity":62,"s:580:8:584:Infinity":225,"s:581:10:581:Infinity":226,"b:582:15:584:Infinity:undefined:undefined:undefined:undefined":63,"s:582:15:584:Infinity":227,"s:583:10:583:Infinity":228,"s:589:2:597:Infinity":229,"f:589:36:589:41":68,"s:590:10:590:Infinity":230,"s:591:10:591:Infinity":231,"s:592:4:596:Infinity":232,"s:603:13:634:Infinity":233,"f:603:13:603:Infinity":69,"s:608:8:608:Infinity":234,"s:609:8:609:Infinity":235,"s:610:74:610:Infinity":236,"s:612:2:627:Infinity":237,"f:613:5:613:13":70,"s:614:12:614:Infinity":238,"s:615:6:615:Infinity":239,"b:615:13:615:32:615:32:615:Infinity":64,"f:617:5:617:14":71,"s:618:12:618:Infinity":240,"b:619:6:621:Infinity:undefined:undefined:undefined:undefined":65,"s:619:6:621:Infinity":241,"s:620:8:620:Infinity":242,"b:622:6:626:Infinity:624:13:626:Infinity":66,"s:622:6:626:Infinity":243,"s:623:8:623:Infinity":244,"b:624:13:626:Infinity:undefined:undefined:undefined:undefined":67,"s:624:13:626:Infinity":245,"s:625:8:625:Infinity":246,"s:629:2:633:Infinity":247,"f:629:33:629:38":72,"s:629:56:633:4":248,"s:639:13:643:Infinity":249,"f:639:13:639:38":73,"b:640:2:640:Infinity:undefined:undefined:undefined:undefined":68,"s:640:2:640:Infinity":250,"b:640:6:640:17:640:17:640:31":69,"s:640:31:640:Infinity":251,"s:641:21:641:Infinity":252,"s:642:2:642:Infinity":253,"s:648:13:650:Infinity":254,"f:648:13:648:45":74,"s:649:2:649:Infinity":255,"s:655:13:664:Infinity":256,"f:655:13:655:45":75,"s:656:2:663:Infinity":257,"s:657:18:657:Infinity":258,"s:658:10:658:Infinity":259,"s:659:10:659:Infinity":260,"s:660:4:660:Infinity":261,"s:662:4:662:Infinity":262,"s:669:13:675:Infinity":263,"f:669:13:669:Infinity":76,"b:673:2:673:Infinity:undefined:undefined:undefined:undefined":70,"s:673:2:673:Infinity":264,"s:673:28:673:Infinity":265,"s:674:2:674:Infinity":266,"s:680:13:688:Infinity":267,"f:680:13:680:40":77,"s:681:2:687:Infinity":268,"s:682:18:682:Infinity":269,"s:683:10:683:Infinity":270,"s:684:4:684:Infinity":271,"s:686:4:686:Infinity":272,"s:697:13:720:Infinity":273,"f:697:13:697:Infinity":78,"s:701:16:701:Infinity":274,"s:702:8:702:Infinity":275,"s:703:24:706:Infinity":276,"f:703:37:703:45":79,"s:704:10:704:Infinity":277,"s:705:4:705:Infinity":278,"b:705:11:705:45:705:45:705:Infinity":71,"s:708:14:708:Infinity":279,"f:708:28:708:36":80,"s:708:45:708:59":280,"s:709:27:709:Infinity":281,"b:709:37:709:59:709:59:709:Infinity":72,"s:711:53:711:Infinity":282,"s:712:2:718:Infinity":283,"s:712:15:712:18":284,"s:713:10:713:Infinity":285,"s:714:4:717:Infinity":286,"s:719:2:719:Infinity":287,"s:725:13:748:Infinity":288,"f:725:13:725:Infinity":81,"s:729:16:729:Infinity":289,"s:730:8:730:Infinity":290,"s:731:25:734:Infinity":291,"f:731:38:731:46":82,"s:732:10:732:Infinity":292,"s:733:4:733:Infinity":293,"b:733:11:733:46:733:46:733:Infinity":73,"s:736:14:736:Infinity":294,"f:736:29:736:37":83,"s:736:46:736:60":295,"s:737:28:737:Infinity":296,"b:737:38:737:60:737:60:737:Infinity":74,"s:739:53:739:Infinity":297,"s:740:2:746:Infinity":298,"s:740:15:740:18":299,"s:741:10:741:Infinity":300,"s:742:4:745:Infinity":301,"s:747:2:747:Infinity":302,"s:753:13:765:Infinity":303,"f:753:13:753:Infinity":84,"s:757:18:757:Infinity":304,"s:758:19:758:Infinity":305,"s:760:2:764:Infinity":306,"f:760:17:760:22":85,"s:760:38:764:4":307,"s:770:13:773:Infinity":308,"f:770:13:770:32":86,"s:771:25:771:Infinity":309,"s:772:2:772:Infinity":310,"s:778:13:804:Infinity":311,"f:778:13:778:Infinity":87,"b:782:12:782:Infinity":75,"s:784:16:784:Infinity":312,"s:785:21:785:Infinity":313,"s:787:18:787:Infinity":314,"s:788:19:788:Infinity":315,"s:789:28:789:Infinity":316,"s:791:53:791:Infinity":317,"s:792:28:792:Infinity":318,"s:794:2:801:Infinity":319,"s:794:15:794:18":320,"s:795:10:795:Infinity":321,"s:796:4:796:Infinity":322,"s:797:4:800:Infinity":323,"s:803:2:803:Infinity":324,"s:813:13:828:Infinity":325,"f:813:13:813:38":88,"b:814:2:814:Infinity:undefined:undefined:undefined:undefined":76,"s:814:2:814:Infinity":326,"s:814:28:814:Infinity":327,"s:816:19:816:Infinity":328,"s:817:2:820:Infinity":329,"f:817:10:817:19":89,"s:818:18:818:Infinity":330,"b:818:39:818:78:818:78:818:Infinity":77,"s:819:4:819:Infinity":331,"s:822:19:822:Infinity":332,"b:824:2:824:Infinity:undefined:undefined:undefined:undefined":78,"s:824:2:824:Infinity":333,"s:824:22:824:Infinity":334,"b:825:2:825:Infinity:undefined:undefined:undefined:undefined":79,"s:825:2:825:Infinity":335,"s:825:23:825:Infinity":336,"b:826:2:826:Infinity:undefined:undefined:undefined:undefined":80,"s:826:2:826:Infinity":337,"s:826:23:826:Infinity":338,"s:827:2:827:Infinity":339,"s:833:13:844:Infinity":340,"f:833:13:833:42":90,"b:834:2:834:Infinity:undefined:undefined:undefined:undefined":81,"s:834:2:834:Infinity":341,"s:834:27:834:Infinity":342,"s:837:16:837:Infinity":343,"f:837:31:837:36":91,"s:837:42:837:48":344,"s:838:24:838:Infinity":345,"b:840:2:840:Infinity:undefined:undefined:undefined:undefined":82,"s:840:2:840:Infinity":346,"s:840:26:840:Infinity":347,"b:841:2:841:Infinity:undefined:undefined:undefined:undefined":83,"s:841:2:841:Infinity":348,"s:841:27:841:Infinity":349,"b:842:2:842:Infinity:undefined:undefined:undefined:undefined":84,"s:842:2:842:Infinity":350,"s:842:27:842:Infinity":351,"s:843:2:843:Infinity":352,"s:849:13:864:Infinity":353,"f:849:13:849:Infinity":92,"b:853:2:853:Infinity:undefined:undefined:undefined:undefined":85,"s:853:2:853:Infinity":354,"s:853:34:853:Infinity":355,"b:854:2:854:Infinity:undefined:undefined:undefined:undefined":86,"s:854:2:854:Infinity":356,"b:854:6:854:22:854:22:854:41":87,"s:854:41:854:Infinity":357,"s:856:22:856:Infinity":358,"s:857:17:857:Infinity":359,"b:859:2:859:Infinity:undefined:undefined:undefined:undefined":88,"s:859:2:859:Infinity":360,"s:859:18:859:Infinity":361,"b:860:2:860:Infinity:undefined:undefined:undefined:undefined":89,"s:860:2:860:Infinity":362,"s:860:18:860:Infinity":363,"b:861:2:861:Infinity:undefined:undefined:undefined:undefined":90,"s:861:2:861:Infinity":364,"s:861:19:861:Infinity":365,"b:862:2:862:Infinity:undefined:undefined:undefined:undefined":91,"s:862:2:862:Infinity":366,"s:862:19:862:Infinity":367,"s:863:2:863:Infinity":368,"s:869:13:882:Infinity":369,"f:869:13:869:36":93,"b:870:2:870:Infinity:undefined:undefined:undefined:undefined":92,"s:870:2:870:Infinity":370,"s:870:26:870:Infinity":371,"s:872:22:872:Infinity":372,"s:873:2:875:Infinity":373,"f:873:8:873:17":94,"s:874:4:874:Infinity":374,"s:877:22:877:Infinity":375,"b:878:2:878:Infinity:undefined:undefined:undefined:undefined":93,"s:878:2:878:Infinity":376,"s:878:25:878:Infinity":377,"b:879:2:879:Infinity:undefined:undefined:undefined:undefined":94,"s:879:2:879:Infinity":378,"s:879:25:879:Infinity":379,"b:880:2:880:Infinity:undefined:undefined:undefined:undefined":95,"s:880:2:880:Infinity":380,"s:880:25:880:Infinity":381,"s:881:2:881:Infinity":382,"s:887:13:937:Infinity":383,"f:887:13:887:Infinity":95,"s:901:22:901:Infinity":384,"s:902:23:902:Infinity":385,"s:905:22:905:Infinity":386,"s:906:16:906:Infinity":387,"b:907:2:910:Infinity:908:7:910:Infinity":96,"s:907:2:910:Infinity":388,"s:907:25:907:Infinity":389,"b:908:7:910:Infinity:909:7:910:Infinity":97,"s:908:7:910:Infinity":390,"s:908:30:908:Infinity":391,"b:909:7:910:Infinity:910:7:910:Infinity":98,"s:909:7:910:Infinity":392,"s:909:30:909:Infinity":393,"b:910:7:910:Infinity:undefined:undefined:undefined:undefined":99,"s:910:7:910:Infinity":394,"s:910:29:910:Infinity":395,"s:913:17:913:Infinity":396,"s:916:21:916:Infinity":397,"s:919:15:919:Infinity":398,"s:922:23:922:Infinity":399,"s:925:18:927:Infinity":400,"s:929:2:936:Infinity":401},"fnNames":{}}}
,"C:\\Users\\aygen\\OneDrive\\Masaüstü\\financefocus\\src\\utils\\localStorageDb.ts": {"path":"C:\\Users\\aygen\\OneDrive\\Masaüstü\\financefocus\\src\\utils\\localStorageDb.ts","statementMap":{"0":{"start":{"line":3,"column":13},"end":{"line":30,"column":null}},"1":{"start":{"line":4,"column":15},"end":{"line":13,"column":null}},"2":{"start":{"line":16,"column":27},"end":{"line":16,"column":null}},"3":{"start":{"line":17,"column":2},"end":{"line":22,"column":null}},"4":{"start":{"line":18,"column":4},"end":{"line":20,"column":null}},"5":{"start":{"line":19,"column":6},"end":{"line":19,"column":null}},"6":{"start":{"line":21,"column":4},"end":{"line":21,"column":null}},"7":{"start":{"line":24,"column":2},"end":{"line":29,"column":null}},"8":{"start":{"line":25,"column":4},"end":{"line":28,"column":null}},"9":{"start":{"line":26,"column":19},"end":{"line":26,"column":null}},"10":{"start":{"line":27,"column":6},"end":{"line":27,"column":null}},"11":{"start":{"line":32,"column":13},"end":{"line":41,"column":null}},"12":{"start":{"line":33,"column":2},"end":{"line":33,"column":null}},"13":{"start":{"line":35,"column":18},"end":{"line":35,"column":null}},"14":{"start":{"line":36,"column":2},"end":{"line":36,"column":null}},"15":{"start":{"line":36,"column":31},"end":{"line":36,"column":null}},"16":{"start":{"line":37,"column":2},"end":{"line":37,"column":null}},"17":{"start":{"line":37,"column":34},"end":{"line":37,"column":null}},"18":{"start":{"line":39,"column":15},"end":{"line":39,"column":null}},"19":{"start":{"line":40,"column":2},"end":{"line":40,"column":null}},"20":{"start":{"line":43,"column":13},"end":{"line":49,"column":null}},"21":{"start":{"line":44,"column":18},"end":{"line":44,"column":null}},"22":{"start":{"line":45,"column":2},"end":{"line":45,"column":null}},"23":{"start":{"line":45,"column":31},"end":{"line":45,"column":null}},"24":{"start":{"line":46,"column":2},"end":{"line":46,"column":null}},"25":{"start":{"line":46,"column":34},"end":{"line":46,"column":null}},"26":{"start":{"line":48,"column":2},"end":{"line":48,"column":null}}},"fnMap":{"0":{"name":"(anonymous_0)","decl":{"start":{"line":3,"column":13},"end":{"line":3,"column":46}},"loc":{"start":{"line":3,"column":46},"end":{"line":30,"column":null}},"line":3},"1":{"name":"(anonymous_1)","decl":{"start":{"line":18,"column":9},"end":{"line":18,"column":18}},"loc":{"start":{"line":18,"column":26},"end":{"line":20,"column":5}},"line":18},"2":{"name":"(anonymous_2)","decl":{"start":{"line":24,"column":7},"end":{"line":24,"column":16}},"loc":{"start":{"line":24,"column":24},"end":{"line":29,"column":3}},"line":24},"3":{"name":"(anonymous_3)","decl":{"start":{"line":32,"column":13},"end":{"line":32,"column":29}},"loc":{"start":{"line":32,"column":54},"end":{"line":41,"column":null}},"line":32},"4":{"name":"(anonymous_4)","decl":{"start":{"line":43,"column":13},"end":{"line":43,"column":30}},"loc":{"start":{"line":43,"column":61},"end":{"line":49,"column":null}},"line":43}},"branchMap":{"0":{"loc":{"start":{"line":17,"column":2},"end":{"line":22,"column":null}},"type":"if","locations":[{"start":{"line":17,"column":2},"end":{"line":22,"column":null}},{"start":{},"end":{}}],"line":17},"1":{"loc":{"start":{"line":25,"column":4},"end":{"line":28,"column":null}},"type":"if","locations":[{"start":{"line":25,"column":4},"end":{"line":28,"column":null}},{"start":{},"end":{}}],"line":25},"2":{"loc":{"start":{"line":36,"column":2},"end":{"line":36,"column":null}},"type":"if","locations":[{"start":{"line":36,"column":2},"end":{"line":36,"column":null}},{"start":{},"end":{}}],"line":36},"3":{"loc":{"start":{"line":37,"column":2},"end":{"line":37,"column":null}},"type":"if","locations":[{"start":{"line":37,"column":2},"end":{"line":37,"column":null}},{"start":{},"end":{}}],"line":37},"4":{"loc":{"start":{"line":40,"column":9},"end":{"line":40,"column":null}},"type":"cond-expr","locations":[{"start":{"line":40,"column":16},"end":{"line":40,"column":35}},{"start":{"line":40,"column":35},"end":{"line":40,"column":null}}],"line":40},"5":{"loc":{"start":{"line":45,"column":2},"end":{"line":45,"column":null}},"type":"if","locations":[{"start":{"line":45,"column":2},"end":{"line":45,"column":null}},{"start":{},"end":{}}],"line":45},"6":{"loc":{"start":{"line":46,"column":2},"end":{"line":46,"column":null}},"type":"if","locations":[{"start":{"line":46,"column":2},"end":{"line":46,"column":null}},{"start":{},"end":{}}],"line":46}},"s":{"0":2,"1":0,"2":0,"3":0,"4":0,"5":0,"6":0,"7":0,"8":0,"9":0,"10":0,"11":2,"12":0,"13":0,"14":0,"15":0,"16":0,"17":0,"18":0,"19":0,"20":2,"21":0,"22":0,"23":0,"24":0,"25":0,"26":0},"f":{"0":0,"1":0,"2":0,"3":0,"4":0},"b":{"0":[0,0],"1":[0,0],"2":[0,0],"3":[0,0],"4":[0,0],"5":[0,0],"6":[0,0]},"meta":{"lastBranch":7,"lastFunction":5,"lastStatement":27,"seen":{"s:3:13:30:Infinity":0,"f:3:13:3:46":0,"s:4:15:13:Infinity":1,"s:16:27:16:Infinity":2,"b:17:2:22:Infinity:undefined:undefined:undefined:undefined":0,"s:17:2:22:Infinity":3,"s:18:4:20:Infinity":4,"f:18:9:18:18":1,"s:19:6:19:Infinity":5,"s:21:4:21:Infinity":6,"s:24:2:29:Infinity":7,"f:24:7:24:16":2,"b:25:4:28:Infinity:undefined:undefined:undefined:undefined":1,"s:25:4:28:Infinity":8,"s:26:19:26:Infinity":9,"s:27:6:27:Infinity":10,"s:32:13:41:Infinity":11,"f:32:13:32:29":3,"s:33:2:33:Infinity":12,"s:35:18:35:Infinity":13,"b:36:2:36:Infinity:undefined:undefined:undefined:undefined":2,"s:36:2:36:Infinity":14,"s:36:31:36:Infinity":15,"b:37:2:37:Infinity:undefined:undefined:undefined:undefined":3,"s:37:2:37:Infinity":16,"s:37:34:37:Infinity":17,"s:39:15:39:Infinity":18,"s:40:2:40:Infinity":19,"b:40:16:40:35:40:35:40:Infinity":4,"s:43:13:49:Infinity":20,"f:43:13:43:30":4,"s:44:18:44:Infinity":21,"b:45:2:45:Infinity:undefined:undefined:undefined:undefined":5,"s:45:2:45:Infinity":22,"s:45:31:45:Infinity":23,"b:46:2:46:Infinity:undefined:undefined:undefined:undefined":6,"s:46:2:46:Infinity":24,"s:46:34:46:Infinity":25,"s:48:2:48:Infinity":26},"fnNames":{}}}
,"C:\\Users\\aygen\\OneDrive\\Masaüstü\\financefocus\\src\\utils\\styles.ts": {"path":"C:\\Users\\aygen\\OneDrive\\Masaüstü\\financefocus\\src\\utils\\styles.ts","statementMap":{"0":{"start":{"line":2,"column":28},"end":{"line":2,"column":null}},"1":{"start":{"line":3,"column":2},"end":{"line":12,"column":null}},"2":{"start":{"line":4,"column":4},"end":{"line":4,"column":null}},"3":{"start":{"line":4,"column":16},"end":{"line":4,"column":null}},"4":{"start":{"line":5,"column":4},"end":{"line":11,"column":null}},"5":{"start":{"line":6,"column":6},"end":{"line":6,"column":null}},"6":{"start":{"line":7,"column":11},"end":{"line":11,"column":null}},"7":{"start":{"line":8,"column":6},"end":{"line":10,"column":null}},"8":{"start":{"line":9,"column":8},"end":{"line":9,"column":null}},"9":{"start":{"line":9,"column":19},"end":{"line":9,"column":null}},"10":{"start":{"line":13,"column":2},"end":{"line":13,"column":null}}},"fnMap":{"0":{"name":"cn","decl":{"start":{"line":1,"column":16},"end":{"line":1,"column":19}},"loc":{"start":{"line":1,"column":97},"end":{"line":14,"column":null}},"line":1},"1":{"name":"(anonymous_1)","decl":{"start":{"line":3,"column":9},"end":{"line":3,"column":18}},"loc":{"start":{"line":3,"column":28},"end":{"line":12,"column":3}},"line":3},"2":{"name":"(anonymous_2)","decl":{"start":{"line":8,"column":28},"end":{"line":8,"column":37}},"loc":{"start":{"line":8,"column":54},"end":{"line":10,"column":7}},"line":8}},"branchMap":{"0":{"loc":{"start":{"line":4,"column":4},"end":{"line":4,"column":null}},"type":"if","locations":[{"start":{"line":4,"column":4},"end":{"line":4,"column":null}},{"start":{},"end":{}}],"line":4},"1":{"loc":{"start":{"line":5,"column":4},"end":{"line":11,"column":null}},"type":"if","locations":[{"start":{"line":5,"column":4},"end":{"line":11,"column":null}},{"start":{"line":7,"column":11},"end":{"line":11,"column":null}}],"line":5},"2":{"loc":{"start":{"line":7,"column":11},"end":{"line":11,"column":null}},"type":"if","locations":[{"start":{"line":7,"column":11},"end":{"line":11,"column":null}},{"start":{},"end":{}}],"line":7},"3":{"loc":{"start":{"line":9,"column":8},"end":{"line":9,"column":null}},"type":"if","locations":[{"start":{"line":9,"column":8},"end":{"line":9,"column":null}},{"start":{},"end":{}}],"line":9}},"s":{"0":31,"1":31,"2":98,"3":29,"4":69,"5":69,"6":0,"7":0,"8":0,"9":0,"10":31},"f":{"0":31,"1":98,"2":0},"b":{"0":[29,69],"1":[69,0],"2":[0,0],"3":[0,0]},"meta":{"lastBranch":4,"lastFunction":3,"lastStatement":11,"seen":{"f:1:16:1:19":0,"s:2:28:2:Infinity":0,"s:3:2:12:Infinity":1,"f:3:9:3:18":1,"b:4:4:4:Infinity:undefined:undefined:undefined:undefined":0,"s:4:4:4:Infinity":2,"s:4:16:4:Infinity":3,"b:5:4:11:Infinity:7:11:11:Infinity":1,"s:5:4:11:Infinity":4,"s:6:6:6:Infinity":5,"b:7:11:11:Infinity:undefined:undefined:undefined:undefined":2,"s:7:11:11:Infinity":6,"s:8:6:10:Infinity":7,"f:8:28:8:37":2,"b:9:8:9:Infinity:undefined:undefined:undefined:undefined":3,"s:9:8:9:Infinity":8,"s:9:19:9:Infinity":9,"s:13:2:13:Infinity":10},"fnNames":{}}}
}
